#
# A fatal error has been detected by the Java Runtime Environment:
#
#  SIGSEGV (0xb) at pc=0x00007f6bc28a0e6e, pid=20192, tid=20206
#
# JRE version: OpenJDK Runtime Environment (14.0.2+12) (build 14.0.2+12-46)
# Java VM: OpenJDK 64-Bit Server VM (14.0.2+12-46, mixed mode, sharing, tiered, compressed oops, g1 gc, linux-amd64)
# Problematic frame:
# V  [libjvm.so+0xb65e6e]  NodeHash::hash_find_insert(Node*)+0xbe
#
# No core dump will be written. Core dumps have been disabled. To enable core dumping, try "ulimit -c unlimited" before starting Java again
#
# If you would like to submit a bug report, please visit:
#   https://bugreport.java.com/bugreport/crash.jsp
#

---------------  S U M M A R Y ------------

Command Line: -XX:MaxMetaspaceSize=256m -XX:+HeapDumpOnOutOfMemoryError -agentlib:jdwp=transport=dt_socket,server=n,suspend=y,address=127.0.0.1:45031 --add-opens=java.base/java.util=ALL-UNNAMED --add-opens=java.base/java.lang=ALL-UNNAMED --add-opens=java.base/java.lang.invoke=ALL-UNNAMED --add-opens=java.prefs/java.util.prefs=ALL-UNNAMED -Xms256m -Xmx512m -Dfile.encoding=UTF-8 -Duser.country=AR -Duser.language=es -Duser.variant org.gradle.launcher.daemon.bootstrap.GradleDaemon 6.5

Host: AMD A4-5300B APU with Radeon(tm) HD Graphics, 2 cores, 7G, Debian GNU/Linux 9 (stretch)
Time: Fri Oct  9 21:56:35 2020 -03 elapsed time: 4 seconds (0d 0h 0m 4s)

---------------  T H R E A D  ---------------

Current thread (0x00007f6bbc16f800):  JavaThread "C2 CompilerThread0" daemon [_thread_in_native, id=20206, stack(0x00007f6ba0808000,0x00007f6ba0909000)]


Current CompileTask:
C2:   4661 1686   !   4       java.lang.ClassLoader::loadClass (122 bytes)

Stack: [0x00007f6ba0808000,0x00007f6ba0909000],  sp=0x00007f6ba0903650,  free space=1005k
Native frames: (J=compiled Java code, A=aot compiled Java code, j=interpreted, Vv=VM code, C=native code)
V  [libjvm.so+0xb65e6e]  NodeHash::hash_find_insert(Node*)+0xbe
V  [libjvm.so+0xb6b1d0]  PhaseGVN::transform_no_reclaim(Node*)+0x140
V  [libjvm.so+0x712489]  GraphKit::set_predefined_output_for_runtime_call(Node*, Node*, TypePtr const*)+0xa9
V  [libjvm.so+0x713f6c]  GraphKit::make_runtime_call(int, TypeFunc const*, unsigned char*, char const*, TypePtr const*, Node*, Node*, Node*, Node*, Node*, Node*, Node*, Node*)+0x2ac
V  [libjvm.so+0x714450]  GraphKit::uncommon_trap(int, ciKlass*, char const*, bool, bool)+0x220
V  [libjvm.so+0x71a25a]  GraphKit::add_empty_predicate_impl(Deoptimization::DeoptReason, int) [clone .part.189]+0x25a
V  [libjvm.so+0x71a450]  GraphKit::add_empty_predicates(int)+0xb0
V  [libjvm.so+0xb4ff9d]  Parse::adjust_map_after_if(BoolTest::mask, Node*, float, Parse::Block*, Parse::Block*) [clone .part.109]+0x13d
V  [libjvm.so+0xb50aba]  Parse::do_if(BoolTest::mask, Node*)+0x96a
V  [libjvm.so+0xb58c17]  Parse::do_one_bytecode()+0x4087
V  [libjvm.so+0xb47a00]  Parse::do_one_block()+0x1f0
V  [libjvm.so+0xb47e47]  Parse::do_all_blocks()+0xe7
V  [libjvm.so+0xb4bbc8]  Parse::Parse(JVMState*, ciMethod*, float)+0x848
V  [libjvm.so+0x4a3d88]  ParseGenerator::generate(JVMState*)+0x88
V  [libjvm.so+0x615181]  Parse::do_call()+0x291
V  [libjvm.so+0xb588a4]  Parse::do_one_bytecode()+0x3d14
V  [libjvm.so+0xb47a00]  Parse::do_one_block()+0x1f0
V  [libjvm.so+0xb47e47]  Parse::do_all_blocks()+0xe7
V  [libjvm.so+0xb4bbc8]  Parse::Parse(JVMState*, ciMethod*, float)+0x848
V  [libjvm.so+0x4a3d88]  ParseGenerator::generate(JVMState*)+0x88
V  [libjvm.so+0x615181]  Parse::do_call()+0x291
V  [libjvm.so+0xb588a4]  Parse::do_one_bytecode()+0x3d14
V  [libjvm.so+0xb47a00]  Parse::do_one_block()+0x1f0
V  [libjvm.so+0xb47e47]  Parse::do_all_blocks()+0xe7
V  [libjvm.so+0xb4bbc8]  Parse::Parse(JVMState*, ciMethod*, float)+0x848
V  [libjvm.so+0x4a3d88]  ParseGenerator::generate(JVMState*)+0x88
V  [libjvm.so+0x615181]  Parse::do_call()+0x291
V  [libjvm.so+0xb588a4]  Parse::do_one_bytecode()+0x3d14
V  [libjvm.so+0xb47a00]  Parse::do_one_block()+0x1f0
V  [libjvm.so+0xb47e47]  Parse::do_all_blocks()+0xe7
V  [libjvm.so+0xb4bbc8]  Parse::Parse(JVMState*, ciMethod*, float)+0x848
V  [libjvm.so+0x4a3d88]  ParseGenerator::generate(JVMState*)+0x88
V  [libjvm.so+0x615181]  Parse::do_call()+0x291
V  [libjvm.so+0xb588a4]  Parse::do_one_bytecode()+0x3d14
V  [libjvm.so+0xb47a00]  Parse::do_one_block()+0x1f0
V  [libjvm.so+0xb47e47]  Parse::do_all_blocks()+0xe7
V  [libjvm.so+0xb4bbc8]  Parse::Parse(JVMState*, ciMethod*, float)+0x848
V  [libjvm.so+0x4a3d88]  ParseGenerator::generate(JVMState*)+0x88
V  [libjvm.so+0x615181]  Parse::do_call()+0x291
V  [libjvm.so+0xb588a4]  Parse::do_one_bytecode()+0x3d14
V  [libjvm.so+0xb47a00]  Parse::do_one_block()+0x1f0
V  [libjvm.so+0xb47e47]  Parse::do_all_blocks()+0xe7
V  [libjvm.so+0xb4bbc8]  Parse::Parse(JVMState*, ciMethod*, float)+0x848
V  [libjvm.so+0x4a3d88]  ParseGenerator::generate(JVMState*)+0x88
V  [libjvm.so+0x615181]  Parse::do_call()+0x291
V  [libjvm.so+0xb588a4]  Parse::do_one_bytecode()+0x3d14
V  [libjvm.so+0xb47a00]  Parse::do_one_block()+0x1f0
V  [libjvm.so+0xb47e47]  Parse::do_all_blocks()+0xe7
V  [libjvm.so+0xb4bbc8]  Parse::Parse(JVMState*, ciMethod*, float)+0x848
V  [libjvm.so+0x4a3d88]  ParseGenerator::generate(JVMState*)+0x88
V  [libjvm.so+0x615181]  Parse::do_call()+0x291
V  [libjvm.so+0xb588a4]  Parse::do_one_bytecode()+0x3d14
V  [libjvm.so+0xb47a00]  Parse::do_one_block()+0x1f0
V  [libjvm.so+0xb47e47]  Parse::do_all_blocks()+0xe7
V  [libjvm.so+0xb4bbc8]  Parse::Parse(JVMState*, ciMethod*, float)+0x848
V  [libjvm.so+0x4a3d88]  ParseGenerator::generate(JVMState*)+0x88
V  [libjvm.so+0x4a5a5b]  PredictedCallGenerator::generate(JVMState*)+0x31b
V  [libjvm.so+0x4a595d]  PredictedCallGenerator::generate(JVMState*)+0x21d
V  [libjvm.so+0x615181]  Parse::do_call()+0x291
V  [libjvm.so+0xb588a4]  Parse::do_one_bytecode()+0x3d14
V  [libjvm.so+0xb47a00]  Parse::do_one_block()+0x1f0
V  [libjvm.so+0xb47e47]  Parse::do_all_blocks()+0xe7
V  [libjvm.so+0xb4bbc8]  Parse::Parse(JVMState*, ciMethod*, float)+0x848
V  [libjvm.so+0x4a3d88]  ParseGenerator::generate(JVMState*)+0x88
V  [libjvm.so+0x4a5a5b]  PredictedCallGenerator::generate(JVMState*)+0x31b
V  [libjvm.so+0x615181]  Parse::do_call()+0x291
V  [libjvm.so+0xb588a4]  Parse::do_one_bytecode()+0x3d14
V  [libjvm.so+0xb47a00]  Parse::do_one_block()+0x1f0
V  [libjvm.so+0xb47e47]  Parse::do_all_blocks()+0xe7
V  [libjvm.so+0xb4bbc8]  Parse::Parse(JVMState*, ciMethod*, float)+0x848
V  [libjvm.so+0x4a3d88]  ParseGenerator::generate(JVMState*)+0x88
V  [libjvm.so+0x552c32]  Compile::Compile(ciEnv*, C2Compiler*, ciMethod*, int, bool, bool, bool, DirectiveSet*)+0xd62
V  [libjvm.so+0x4a2fb1]  C2Compiler::compile_method(ciEnv*, ciMethod*, int, DirectiveSet*)+0xc1
V  [libjvm.so+0x55c33c]  CompileBroker::invoke_compiler_on_method(CompileTask*)+0x32c
V  [libjvm.so+0x55d718]  CompileBroker::compiler_thread_loop()+0x4e8
V  [libjvm.so+0xcc2592]  JavaThread::thread_main_inner()+0xe2
V  [libjvm.so+0xcc6dad]  Thread::call_run()+0x10d
V  [libjvm.so+0xb24677]  thread_native_entry(Thread*)+0xe7


siginfo: si_signo: 11 (SIGSEGV), si_code: 1 (SEGV_MAPERR), si_addr: 0x00007b6b783daee8

Register to memory mapping:

RAX=0x00007f6b784234a8 points into unknown readable memory: d0 ae 3d 78 6b 7b 00 00
RBX=0x0000000000000481 is an unknown value
RCX=0x0 is NULL
RDX=0x0000000000002000 is an unknown value
RSP=0x00007f6ba0903650 is pointing into the stack for thread: 0x00007f6bbc16f800
RBP=0x00007f6ba09036a0 is pointing into the stack for thread: 0x00007f6bbc16f800
RSI=0x00007f6b784210a0 points into unknown readable memory: 00 00 00 00 00 00 00 00
RDI=0x00007f6b78295808 points into unknown readable memory: 40 52 29 78 6b 7f 00 00
R8 =0x00007f6b782952d8 points into unknown readable memory: c0 43 29 78 6b 7f 00 00
R9 =0x0000000000001241 is an unknown value
R10=0x00007f6bbcf4bf20 points into unknown readable memory: 68 bb f4 bc 6b 7f 00 00
R11=0x0 is NULL
R12=0x00007b6b783daed0 is an unknown value
R13=0x0 is NULL
R14=0x0000000000000001 is an unknown value
R15=0x00007f6ba0906de8 is pointing into the stack for thread: 0x00007f6bbc16f800


Registers:
RAX=0x00007f6b784234a8, RBX=0x0000000000000481, RCX=0x0000000000000000, RDX=0x0000000000002000
RSP=0x00007f6ba0903650, RBP=0x00007f6ba09036a0, RSI=0x00007f6b784210a0, RDI=0x00007f6b78295808
R8 =0x00007f6b782952d8, R9 =0x0000000000001241, R10=0x00007f6bbcf4bf20, R11=0x0000000000000000
R12=0x00007b6b783daed0, R13=0x0000000000000000, R14=0x0000000000000001, R15=0x00007f6ba0906de8
RIP=0x00007f6bc28a0e6e, EFLAGS=0x0000000000010202, CSGSFS=0x002b000000000033, ERR=0x0000000000000004
  TRAPNO=0x000000000000000e

Top of Stack: (sp=0x00007f6ba0903650)
0x00007f6ba0903650:   00007f6b6c0761e8 00007f6b782957d0
0x00007f6ba0903660:   0000000000000000 00001241000000f3
0x00007f6ba0903670:   00007f6b78295240 00007f6b782957d0
0x00007f6ba0903680:   00007f6ba0906460 00007f6b782957d0 

Instructions: (pc=0x00007f6bc28a0e6e)
0x00007f6bc28a0d6e:   75 80 48 83 c4 18 5b 41 5c 41 5d 41 5e 41 5f 5d
0x00007f6bc28a0d7e:   c3 90 48 89 df 89 45 cc e8 c5 fe ff ff 8b 45 cc
0x00007f6bc28a0d8e:   eb 8f 4c 89 ff 31 d2 4c 89 e6 e8 03 1c 81 ff 48
0x00007f6bc28a0d9e:   89 c7 e9 15 ff ff ff 90 66 2e 0f 1f 84 00 00 00
0x00007f6bc28a0dae:   00 00 55 48 89 e5 41 57 49 89 ff 48 89 f7 41 56
0x00007f6bc28a0dbe:   41 55 41 54 53 48 83 ec 28 48 8b 06 48 89 75 b8
0x00007f6bc28a0dce:   ff 50 58 85 c0 0f 84 27 01 00 00 41 8b 57 08 8d
0x00007f6bc28a0dde:   5a ff 21 c3 49 8b 47 18 89 d9 41 89 d9 48 8d 04
0x00007f6bc28a0dee:   c8 41 83 c9 01 4c 8b 20 4d 85 e4 0f 84 e5 00 00
0x00007f6bc28a0dfe:   00 4c 8b 75 b8 4d 39 67 20 b9 00 00 00 00 44 89
0x00007f6bc28a0e0e:   4d cc 0f 44 cb 49 8b 06 4c 89 f7 41 89 cd ff 10
0x00007f6bc28a0e1e:   45 8b 76 18 44 8b 4d cc 89 45 c8 41 8d 46 ff 48
0x00007f6bc28a0e2e:   c1 e0 03 48 89 45 c0 0f 1f 00 45 3b 74 24 18 74
0x00007f6bc28a0e3e:   36 41 8b 47 08 44 01 cb 49 8b 77 18 83 e8 01 21
0x00007f6bc28a0e4e:   c3 89 d8 48 8d 04 c6 4c 8b 20 4d 85 e4 0f 84 b7
0x00007f6bc28a0e5e:   00 00 00 45 85 ed 75 d2 4d 39 67 20 44 0f 44 eb
0x00007f6bc28a0e6e:   45 3b 74 24 18 75 ca 49 8b 04 24 44 89 4d cc 4c
0x00007f6bc28a0e7e:   89 e7 ff 10 3b 45 c8 44 8b 4d cc 75 b4 45 85 f6
0x00007f6bc28a0e8e:   74 35 48 8b 45 b8 4d 8b 54 24 08 48 8b 78 08 48
0x00007f6bc28a0e9e:   8b 07 49 39 02 75 9a 31 c0 eb 16 0f 1f 80 00 00
0x00007f6bc28a0eae:   00 00 48 8b 74 07 08 48 83 c0 08 49 39 34 02 75
0x00007f6bc28a0ebe:   80 48 39 45 c0 75 eb 48 8b 7d b8 44 89 4d cc 4c
0x00007f6bc28a0ece:   89 e6 48 8b 07 ff 50 60 44 8b 4d cc 84 c0 0f 84
0x00007f6bc28a0ede:   5d ff ff ff eb 1f 48 8b 4d b8 48 89 08 41 8b 47
0x00007f6bc28a0eee:   0c 83 c0 01 41 89 47 0c 41 39 47 10 74 39 0f 1f
0x00007f6bc28a0efe:   40 00 45 31 e4 48 83 c4 28 4c 89 e0 5b 41 5c 41
0x00007f6bc28a0f0e:   5d 41 5e 41 5f 5d c3 0f 1f 00 45 85 ed 75 2b 48
0x00007f6bc28a0f1e:   8b 55 b8 48 89 10 41 8b 47 0c 83 c0 01 41 89 47
0x00007f6bc28a0f2e:   0c 41 3b 47 10 75 cb 4c 89 ff 45 31 e4 e8 10 fd
0x00007f6bc28a0f3e:   ff ff eb c1 66 0f 1f 44 00 00 44 89 e9 48 8d 04
0x00007f6bc28a0f4e:   ce eb cc 90 66 66 2e 0f 1f 84 00 00 00 00 00 0f
0x00007f6bc28a0f5e:   1f 00 55 48 89 e5 41 54 49 89 f4 53 48 89 fb 48 


Stack slot to memory mapping:
stack at sp + 0 slots: 0x00007f6b6c0761e8 points into unknown readable memory: 28 fc dc c2 6b 7f 00 00
stack at sp + 1 slots: 0x00007f6b782957d0 points into unknown readable memory: 98 aa de c2 6b 7f 00 00
stack at sp + 2 slots: 0x0 is NULL
stack at sp + 3 slots: 0x00001241000000f3 is an unknown value
stack at sp + 4 slots: 0x00007f6b78295240 points into unknown readable memory: 00 f0 dc c2 6b 7f 00 00
stack at sp + 5 slots: 0x00007f6b782957d0 points into unknown readable memory: 98 aa de c2 6b 7f 00 00
stack at sp + 6 slots: 0x00007f6ba0906460 is pointing into the stack for thread: 0x00007f6bbc16f800
stack at sp + 7 slots: 0x00007f6b782957d0 points into unknown readable memory: 98 aa de c2 6b 7f 00 00


---------------  P R O C E S S  ---------------

Threads class SMR info:
_java_thread_list=0x00007f6b981dcc10, length=26, elements={
0x00007f6bbc02b000, 0x00007f6bbc163800, 0x00007f6bbc165800, 0x00007f6bbc16b800,
0x00007f6bbc16d800, 0x00007f6bbc16f800, 0x00007f6bbc171800, 0x00007f6bbc173800,
0x00007f6bbc1a7800, 0x00007f6bbc1c2000, 0x00007f6bbc1c5800, 0x000055d55c6c9800,
0x00007f6bbc1c7800, 0x00007f6bbd2ea800, 0x00007f6bbd334000, 0x00007f6bbd398000,
0x00007f6b7c023000, 0x00007f6b84009000, 0x00007f6b8400b800, 0x00007f6b84004000,
0x00007f6b9800a000, 0x00007f6b9800b800, 0x00007f6b98010800, 0x00007f6b9817e000,
0x00007f6b9818a800, 0x00007f6b981dc000
}

Java Threads: ( => current thread )
  0x00007f6bbc02b000 JavaThread "main" [_thread_blocked, id=20194, stack(0x00007f6bc3982000,0x00007f6bc3a83000)]
  0x00007f6bbc163800 JavaThread "Reference Handler" daemon [_thread_blocked, id=20202, stack(0x00007f6ba0da9000,0x00007f6ba0eaa000)]
  0x00007f6bbc165800 JavaThread "Finalizer" daemon [_thread_blocked, id=20203, stack(0x00007f6ba0ca8000,0x00007f6ba0da9000)]
  0x00007f6bbc16b800 JavaThread "Signal Dispatcher" daemon [_thread_blocked, id=20204, stack(0x00007f6ba0a0a000,0x00007f6ba0b0b000)]
  0x00007f6bbc16d800 JavaThread "Service Thread" daemon [_thread_blocked, id=20205, stack(0x00007f6ba0909000,0x00007f6ba0a0a000)]
=>0x00007f6bbc16f800 JavaThread "C2 CompilerThread0" daemon [_thread_in_native, id=20206, stack(0x00007f6ba0808000,0x00007f6ba0909000)]
  0x00007f6bbc171800 JavaThread "C1 CompilerThread0" daemon [_thread_blocked, id=20207, stack(0x00007f6ba0707000,0x00007f6ba0808000)]
  0x00007f6bbc173800 JavaThread "Sweeper thread" daemon [_thread_blocked, id=20208, stack(0x00007f6ba0606000,0x00007f6ba0707000)]
  0x00007f6bbc1a7800 JavaThread "Common-Cleaner" daemon [_thread_blocked, id=20209, stack(0x00007f6ba0505000,0x00007f6ba0606000)]
  0x00007f6bbc1c2000 JavaThread "JDWP Transport Listener: dt_socket" daemon [_thread_blocked, id=20210, stack(0x00007f6ba0404000,0x00007f6ba0505000)]
  0x00007f6bbc1c5800 JavaThread "JDWP Event Helper Thread" daemon [_thread_blocked, id=20212, stack(0x00007f6ba0303000,0x00007f6ba0404000)]
  0x000055d55c6c9800 JavaThread "JDWP Command Reader" daemon [_thread_in_native, id=20213, stack(0x00007f6ba0202000,0x00007f6ba0303000)]
  0x00007f6bbc1c7800 JavaThread "Notification Thread" daemon [_thread_blocked, id=20215, stack(0x00007f6ba0101000,0x00007f6ba0202000)]
  0x00007f6bbd2ea800 JavaThread "Daemon health stats" [_thread_blocked, id=20218, stack(0x00007f6b6baf2000,0x00007f6b6bbf3000)]
  0x00007f6bbd334000 JavaThread "Incoming local TCP Connector on port 45531" [_thread_in_native, id=20219, stack(0x00007f6b6b9f1000,0x00007f6b6baf2000)]
  0x00007f6bbd398000 JavaThread "Daemon periodic checks" [_thread_blocked, id=20220, stack(0x00007f6b6b8f0000,0x00007f6b6b9f1000)]
  0x00007f6b7c023000 JavaThread "Daemon" [_thread_blocked, id=20221, stack(0x00007f6b6b7ef000,0x00007f6b6b8f0000)]
  0x00007f6b84009000 JavaThread "Handler for socket connection from /127.0.0.1:45531 to /127.0.0.1:58592" [_thread_in_native, id=20222, stack(0x00007f6b6b6ee000,0x00007f6b6b7ef000)]
  0x00007f6b8400b800 JavaThread "Cancel handler" [_thread_blocked, id=20223, stack(0x00007f6b6b5ed000,0x00007f6b6b6ee000)]
  0x00007f6b84004000 JavaThread "Daemon worker" [_thread_in_vm, id=20224, stack(0x00007f6b6b4ec000,0x00007f6b6b5ed000)]
  0x00007f6b9800a000 JavaThread "Asynchronous log dispatcher for DefaultDaemonConnection: socket connection from /127.0.0.1:45531 to /127.0.0.1:58592" [_thread_blocked, id=20227, stack(0x00007f6b6b3eb000,0x00007f6b6b4ec000)]
  0x00007f6b9800b800 JavaThread "Stdin handler" [_thread_blocked, id=20228, stack(0x00007f6b6b2ea000,0x00007f6b6b3eb000)]
  0x00007f6b98010800 JavaThread "Thread-8" [_thread_blocked, id=20229, stack(0x00007f6b6b1e9000,0x00007f6b6b2ea000)]
  0x00007f6b9817e000 JavaThread "Cache worker for journal cache (/home/alumno/.gradle/caches/journal-1)" [_thread_blocked, id=20230, stack(0x00007f6b6aee8000,0x00007f6b6afe9000)]
  0x00007f6b9818a800 JavaThread "File lock request listener" [_thread_in_native, id=20231, stack(0x00007f6b6abe7000,0x00007f6b6ace8000)]
  0x00007f6b981dc000 JavaThread "Cache worker for file hash cache (/home/alumno/.gradle/caches/6.5/fileHashes)" [_thread_blocked, id=20232, stack(0x00007f6b6aae6000,0x00007f6b6abe7000)]

Other Threads:
  0x00007f6bbc160800 VMThread "VM Thread" [stack: 0x00007f6ba0eac000,0x00007f6ba0fac000] [id=20201]
  0x00007f6bbc1c9800 WatcherThread [stack: 0x00007f6b6bf00000,0x00007f6b6c000000] [id=20216]
  0x00007f6bbc050800 GCTaskThread "GC Thread#0" [stack: 0x00007f6bc000b000,0x00007f6bc010b000] [id=20196]
  0x00007f6b84001000 GCTaskThread "GC Thread#1" [stack: 0x00007f6b6bdfe000,0x00007f6b6befe000] [id=20217]
  0x00007f6bbc056800 ConcurrentGCThread "G1 Main Marker" [stack: 0x00007f6ba3dd3000,0x00007f6ba3ed3000] [id=20197]
  0x00007f6bbc058800 ConcurrentGCThread "G1 Conc#0" [stack: 0x00007f6ba3cd1000,0x00007f6ba3dd1000] [id=20198]
  0x00007f6bbc125800 ConcurrentGCThread "G1 Refine#0" [stack: 0x00007f6ba19cd000,0x00007f6ba1acd000] [id=20199]
  0x00007f6bbc127000 ConcurrentGCThread "G1 Young RemSet Sampling" [stack: 0x00007f6ba18cb000,0x00007f6ba19cb000] [id=20200]

Threads with active compile tasks:
C2 CompilerThread0     4694 1686   !   4       java.lang.ClassLoader::loadClass (122 bytes)

VM state:not at safepoint (normal execution)

VM Mutex/Monitor currently owned by a thread: None

Heap address: 0x00000000e0000000, size: 512 MB, Compressed Oops mode: 32-bit
Narrow klass base: 0x0000000800000000, Narrow klass shift: 3
Compressed class space size: 260046848 Address: 0x0000000800b0f000

Heap:
 garbage-first heap   total 264192K, used 33798K [0x00000000e0000000, 0x0000000100000000)
  region size 1024K, 24 young (24576K), 7 survivors (7168K)
 Metaspace       used 13946K, capacity 14517K, committed 14720K, reserved 268288K
  class space    used 1941K, capacity 2131K, committed 2176K, reserved 253952K
Heap Regions: E=young(eden), S=young(survivor), O=old, HS=humongous(starts), HC=humongous(continues), CS=collection set, F=free, OA=open archive, CA=closed archive, TAMS=top-at-mark-start (previous, next)
|   0|0x00000000e0000000, 0x00000000e0100000, 0x00000000e0100000|100%| O|  |TAMS 0x00000000e0000000, 0x00000000e0000000| Untracked 
|   1|0x00000000e0100000, 0x00000000e0200000, 0x00000000e0200000|100%| O|  |TAMS 0x00000000e0100000, 0x00000000e0100000| Untracked 
|   2|0x00000000e0200000, 0x00000000e0230a00, 0x00000000e0300000| 18%| O|  |TAMS 0x00000000e0200000, 0x00000000e0200000| Untracked 
|   3|0x00000000e0300000, 0x00000000e0400000, 0x00000000e0400000|100%|HS|  |TAMS 0x00000000e0300000, 0x00000000e0300000| Complete 
|   4|0x00000000e0400000, 0x00000000e0500000, 0x00000000e0500000|100%|HC|  |TAMS 0x00000000e0400000, 0x00000000e0400000| Complete 
|   5|0x00000000e0500000, 0x00000000e0600000, 0x00000000e0600000|100%|HC|  |TAMS 0x00000000e0500000, 0x00000000e0500000| Complete 
|   6|0x00000000e0600000, 0x00000000e0700000, 0x00000000e0700000|100%| O|  |TAMS 0x00000000e0600000, 0x00000000e0600000| Untracked 
|   7|0x00000000e0700000, 0x00000000e0800000, 0x00000000e0800000|100%| O|  |TAMS 0x00000000e0700000, 0x00000000e0700000| Untracked 
|   8|0x00000000e0800000, 0x00000000e0900000, 0x00000000e0900000|100%| O|  |TAMS 0x00000000e0800000, 0x00000000e0800000| Untracked 
|   9|0x00000000e0900000, 0x00000000e0a00000, 0x00000000e0a00000|100%|HS|  |TAMS 0x00000000e0900000, 0x00000000e0900000| Complete 
|  10|0x00000000e0a00000, 0x00000000e0a00000, 0x00000000e0b00000|  0%| F|  |TAMS 0x00000000e0a00000, 0x00000000e0a00000| Untracked 
|  11|0x00000000e0b00000, 0x00000000e0b00000, 0x00000000e0c00000|  0%| F|  |TAMS 0x00000000e0b00000, 0x00000000e0b00000| Untracked 
|  12|0x00000000e0c00000, 0x00000000e0c00000, 0x00000000e0d00000|  0%| F|  |TAMS 0x00000000e0c00000, 0x00000000e0c00000| Untracked 
|  13|0x00000000e0d00000, 0x00000000e0d00000, 0x00000000e0e00000|  0%| F|  |TAMS 0x00000000e0d00000, 0x00000000e0d00000| Untracked 
|  14|0x00000000e0e00000, 0x00000000e0e00000, 0x00000000e0f00000|  0%| F|  |TAMS 0x00000000e0e00000, 0x00000000e0e00000| Untracked 
|  15|0x00000000e0f00000, 0x00000000e0f00000, 0x00000000e1000000|  0%| F|  |TAMS 0x00000000e0f00000, 0x00000000e0f00000| Untracked 
|  16|0x00000000e1000000, 0x00000000e1000000, 0x00000000e1100000|  0%| F|  |TAMS 0x00000000e1000000, 0x00000000e1000000| Untracked 
|  17|0x00000000e1100000, 0x00000000e1100000, 0x00000000e1200000|  0%| F|  |TAMS 0x00000000e1100000, 0x00000000e1100000| Untracked 
|  18|0x00000000e1200000, 0x00000000e1200000, 0x00000000e1300000|  0%| F|  |TAMS 0x00000000e1200000, 0x00000000e1200000| Untracked 
|  19|0x00000000e1300000, 0x00000000e1300000, 0x00000000e1400000|  0%| F|  |TAMS 0x00000000e1300000, 0x00000000e1300000| Untracked 
|  20|0x00000000e1400000, 0x00000000e1400000, 0x00000000e1500000|  0%| F|  |TAMS 0x00000000e1400000, 0x00000000e1400000| Untracked 
|  21|0x00000000e1500000, 0x00000000e1500000, 0x00000000e1600000|  0%| F|  |TAMS 0x00000000e1500000, 0x00000000e1500000| Untracked 
|  22|0x00000000e1600000, 0x00000000e1600000, 0x00000000e1700000|  0%| F|  |TAMS 0x00000000e1600000, 0x00000000e1600000| Untracked 
|  23|0x00000000e1700000, 0x00000000e1700000, 0x00000000e1800000|  0%| F|  |TAMS 0x00000000e1700000, 0x00000000e1700000| Untracked 
|  24|0x00000000e1800000, 0x00000000e1800000, 0x00000000e1900000|  0%| F|  |TAMS 0x00000000e1800000, 0x00000000e1800000| Untracked 
|  25|0x00000000e1900000, 0x00000000e1900000, 0x00000000e1a00000|  0%| F|  |TAMS 0x00000000e1900000, 0x00000000e1900000| Untracked 
|  26|0x00000000e1a00000, 0x00000000e1a00000, 0x00000000e1b00000|  0%| F|  |TAMS 0x00000000e1a00000, 0x00000000e1a00000| Untracked 
|  27|0x00000000e1b00000, 0x00000000e1b00000, 0x00000000e1c00000|  0%| F|  |TAMS 0x00000000e1b00000, 0x00000000e1b00000| Untracked 
|  28|0x00000000e1c00000, 0x00000000e1c00000, 0x00000000e1d00000|  0%| F|  |TAMS 0x00000000e1c00000, 0x00000000e1c00000| Untracked 
|  29|0x00000000e1d00000, 0x00000000e1d00000, 0x00000000e1e00000|  0%| F|  |TAMS 0x00000000e1d00000, 0x00000000e1d00000| Untracked 
|  30|0x00000000e1e00000, 0x00000000e1e00000, 0x00000000e1f00000|  0%| F|  |TAMS 0x00000000e1e00000, 0x00000000e1e00000| Untracked 
|  31|0x00000000e1f00000, 0x00000000e1f00000, 0x00000000e2000000|  0%| F|  |TAMS 0x00000000e1f00000, 0x00000000e1f00000| Untracked 
|  32|0x00000000e2000000, 0x00000000e2000000, 0x00000000e2100000|  0%| F|  |TAMS 0x00000000e2000000, 0x00000000e2000000| Untracked 
|  33|0x00000000e2100000, 0x00000000e2100000, 0x00000000e2200000|  0%| F|  |TAMS 0x00000000e2100000, 0x00000000e2100000| Untracked 
|  34|0x00000000e2200000, 0x00000000e2200000, 0x00000000e2300000|  0%| F|  |TAMS 0x00000000e2200000, 0x00000000e2200000| Untracked 
|  35|0x00000000e2300000, 0x00000000e2300000, 0x00000000e2400000|  0%| F|  |TAMS 0x00000000e2300000, 0x00000000e2300000| Untracked 
|  36|0x00000000e2400000, 0x00000000e2400000, 0x00000000e2500000|  0%| F|  |TAMS 0x00000000e2400000, 0x00000000e2400000| Untracked 
|  37|0x00000000e2500000, 0x00000000e2500000, 0x00000000e2600000|  0%| F|  |TAMS 0x00000000e2500000, 0x00000000e2500000| Untracked 
|  38|0x00000000e2600000, 0x00000000e2600000, 0x00000000e2700000|  0%| F|  |TAMS 0x00000000e2600000, 0x00000000e2600000| Untracked 
|  39|0x00000000e2700000, 0x00000000e2700000, 0x00000000e2800000|  0%| F|  |TAMS 0x00000000e2700000, 0x00000000e2700000| Untracked 
|  40|0x00000000e2800000, 0x00000000e2800000, 0x00000000e2900000|  0%| F|  |TAMS 0x00000000e2800000, 0x00000000e2800000| Untracked 
|  41|0x00000000e2900000, 0x00000000e2900000, 0x00000000e2a00000|  0%| F|  |TAMS 0x00000000e2900000, 0x00000000e2900000| Untracked 
|  42|0x00000000e2a00000, 0x00000000e2a00000, 0x00000000e2b00000|  0%| F|  |TAMS 0x00000000e2a00000, 0x00000000e2a00000| Untracked 
|  43|0x00000000e2b00000, 0x00000000e2b00000, 0x00000000e2c00000|  0%| F|  |TAMS 0x00000000e2b00000, 0x00000000e2b00000| Untracked 
|  44|0x00000000e2c00000, 0x00000000e2c00000, 0x00000000e2d00000|  0%| F|  |TAMS 0x00000000e2c00000, 0x00000000e2c00000| Untracked 
|  45|0x00000000e2d00000, 0x00000000e2d00000, 0x00000000e2e00000|  0%| F|  |TAMS 0x00000000e2d00000, 0x00000000e2d00000| Untracked 
|  46|0x00000000e2e00000, 0x00000000e2e00000, 0x00000000e2f00000|  0%| F|  |TAMS 0x00000000e2e00000, 0x00000000e2e00000| Untracked 
|  47|0x00000000e2f00000, 0x00000000e2f00000, 0x00000000e3000000|  0%| F|  |TAMS 0x00000000e2f00000, 0x00000000e2f00000| Untracked 
|  48|0x00000000e3000000, 0x00000000e3000000, 0x00000000e3100000|  0%| F|  |TAMS 0x00000000e3000000, 0x00000000e3000000| Untracked 
|  49|0x00000000e3100000, 0x00000000e3100000, 0x00000000e3200000|  0%| F|  |TAMS 0x00000000e3100000, 0x00000000e3100000| Untracked 
|  50|0x00000000e3200000, 0x00000000e3200000, 0x00000000e3300000|  0%| F|  |TAMS 0x00000000e3200000, 0x00000000e3200000| Untracked 
|  51|0x00000000e3300000, 0x00000000e3300000, 0x00000000e3400000|  0%| F|  |TAMS 0x00000000e3300000, 0x00000000e3300000| Untracked 
|  52|0x00000000e3400000, 0x00000000e3400000, 0x00000000e3500000|  0%| F|  |TAMS 0x00000000e3400000, 0x00000000e3400000| Untracked 
|  53|0x00000000e3500000, 0x00000000e3500000, 0x00000000e3600000|  0%| F|  |TAMS 0x00000000e3500000, 0x00000000e3500000| Untracked 
|  54|0x00000000e3600000, 0x00000000e3600000, 0x00000000e3700000|  0%| F|  |TAMS 0x00000000e3600000, 0x00000000e3600000| Untracked 
|  55|0x00000000e3700000, 0x00000000e3700000, 0x00000000e3800000|  0%| F|  |TAMS 0x00000000e3700000, 0x00000000e3700000| Untracked 
|  56|0x00000000e3800000, 0x00000000e3800000, 0x00000000e3900000|  0%| F|  |TAMS 0x00000000e3800000, 0x00000000e3800000| Untracked 
|  57|0x00000000e3900000, 0x00000000e3900000, 0x00000000e3a00000|  0%| F|  |TAMS 0x00000000e3900000, 0x00000000e3900000| Untracked 
|  58|0x00000000e3a00000, 0x00000000e3a00000, 0x00000000e3b00000|  0%| F|  |TAMS 0x00000000e3a00000, 0x00000000e3a00000| Untracked 
|  59|0x00000000e3b00000, 0x00000000e3b00000, 0x00000000e3c00000|  0%| F|  |TAMS 0x00000000e3b00000, 0x00000000e3b00000| Untracked 
|  60|0x00000000e3c00000, 0x00000000e3c00000, 0x00000000e3d00000|  0%| F|  |TAMS 0x00000000e3c00000, 0x00000000e3c00000| Untracked 
|  61|0x00000000e3d00000, 0x00000000e3d00000, 0x00000000e3e00000|  0%| F|  |TAMS 0x00000000e3d00000, 0x00000000e3d00000| Untracked 
|  62|0x00000000e3e00000, 0x00000000e3e00000, 0x00000000e3f00000|  0%| F|  |TAMS 0x00000000e3e00000, 0x00000000e3e00000| Untracked 
|  63|0x00000000e3f00000, 0x00000000e3f00000, 0x00000000e4000000|  0%| F|  |TAMS 0x00000000e3f00000, 0x00000000e3f00000| Untracked 
|  64|0x00000000e4000000, 0x00000000e4000000, 0x00000000e4100000|  0%| F|  |TAMS 0x00000000e4000000, 0x00000000e4000000| Untracked 
|  65|0x00000000e4100000, 0x00000000e4100000, 0x00000000e4200000|  0%| F|  |TAMS 0x00000000e4100000, 0x00000000e4100000| Untracked 
|  66|0x00000000e4200000, 0x00000000e4200000, 0x00000000e4300000|  0%| F|  |TAMS 0x00000000e4200000, 0x00000000e4200000| Untracked 
|  67|0x00000000e4300000, 0x00000000e4300000, 0x00000000e4400000|  0%| F|  |TAMS 0x00000000e4300000, 0x00000000e4300000| Untracked 
|  68|0x00000000e4400000, 0x00000000e4400000, 0x00000000e4500000|  0%| F|  |TAMS 0x00000000e4400000, 0x00000000e4400000| Untracked 
|  69|0x00000000e4500000, 0x00000000e4500000, 0x00000000e4600000|  0%| F|  |TAMS 0x00000000e4500000, 0x00000000e4500000| Untracked 
|  70|0x00000000e4600000, 0x00000000e4600000, 0x00000000e4700000|  0%| F|  |TAMS 0x00000000e4600000, 0x00000000e4600000| Untracked 
|  71|0x00000000e4700000, 0x00000000e4700000, 0x00000000e4800000|  0%| F|  |TAMS 0x00000000e4700000, 0x00000000e4700000| Untracked 
|  72|0x00000000e4800000, 0x00000000e4800000, 0x00000000e4900000|  0%| F|  |TAMS 0x00000000e4800000, 0x00000000e4800000| Untracked 
|  73|0x00000000e4900000, 0x00000000e4900000, 0x00000000e4a00000|  0%| F|  |TAMS 0x00000000e4900000, 0x00000000e4900000| Untracked 
|  74|0x00000000e4a00000, 0x00000000e4a00000, 0x00000000e4b00000|  0%| F|  |TAMS 0x00000000e4a00000, 0x00000000e4a00000| Untracked 
|  75|0x00000000e4b00000, 0x00000000e4b00000, 0x00000000e4c00000|  0%| F|  |TAMS 0x00000000e4b00000, 0x00000000e4b00000| Untracked 
|  76|0x00000000e4c00000, 0x00000000e4c00000, 0x00000000e4d00000|  0%| F|  |TAMS 0x00000000e4c00000, 0x00000000e4c00000| Untracked 
|  77|0x00000000e4d00000, 0x00000000e4d00000, 0x00000000e4e00000|  0%| F|  |TAMS 0x00000000e4d00000, 0x00000000e4d00000| Untracked 
|  78|0x00000000e4e00000, 0x00000000e4e00000, 0x00000000e4f00000|  0%| F|  |TAMS 0x00000000e4e00000, 0x00000000e4e00000| Untracked 
|  79|0x00000000e4f00000, 0x00000000e4f00000, 0x00000000e5000000|  0%| F|  |TAMS 0x00000000e4f00000, 0x00000000e4f00000| Untracked 
|  80|0x00000000e5000000, 0x00000000e5000000, 0x00000000e5100000|  0%| F|  |TAMS 0x00000000e5000000, 0x00000000e5000000| Untracked 
|  81|0x00000000e5100000, 0x00000000e5100000, 0x00000000e5200000|  0%| F|  |TAMS 0x00000000e5100000, 0x00000000e5100000| Untracked 
|  82|0x00000000e5200000, 0x00000000e5200000, 0x00000000e5300000|  0%| F|  |TAMS 0x00000000e5200000, 0x00000000e5200000| Untracked 
|  83|0x00000000e5300000, 0x00000000e5300000, 0x00000000e5400000|  0%| F|  |TAMS 0x00000000e5300000, 0x00000000e5300000| Untracked 
|  84|0x00000000e5400000, 0x00000000e5400000, 0x00000000e5500000|  0%| F|  |TAMS 0x00000000e5400000, 0x00000000e5400000| Untracked 
|  85|0x00000000e5500000, 0x00000000e5500000, 0x00000000e5600000|  0%| F|  |TAMS 0x00000000e5500000, 0x00000000e5500000| Untracked 
|  86|0x00000000e5600000, 0x00000000e5600000, 0x00000000e5700000|  0%| F|  |TAMS 0x00000000e5600000, 0x00000000e5600000| Untracked 
|  87|0x00000000e5700000, 0x00000000e5700000, 0x00000000e5800000|  0%| F|  |TAMS 0x00000000e5700000, 0x00000000e5700000| Untracked 
|  88|0x00000000e5800000, 0x00000000e5800000, 0x00000000e5900000|  0%| F|  |TAMS 0x00000000e5800000, 0x00000000e5800000| Untracked 
|  89|0x00000000e5900000, 0x00000000e5900000, 0x00000000e5a00000|  0%| F|  |TAMS 0x00000000e5900000, 0x00000000e5900000| Untracked 
|  90|0x00000000e5a00000, 0x00000000e5a00000, 0x00000000e5b00000|  0%| F|  |TAMS 0x00000000e5a00000, 0x00000000e5a00000| Untracked 
|  91|0x00000000e5b00000, 0x00000000e5b00000, 0x00000000e5c00000|  0%| F|  |TAMS 0x00000000e5b00000, 0x00000000e5b00000| Untracked 
|  92|0x00000000e5c00000, 0x00000000e5c00000, 0x00000000e5d00000|  0%| F|  |TAMS 0x00000000e5c00000, 0x00000000e5c00000| Untracked 
|  93|0x00000000e5d00000, 0x00000000e5d00000, 0x00000000e5e00000|  0%| F|  |TAMS 0x00000000e5d00000, 0x00000000e5d00000| Untracked 
|  94|0x00000000e5e00000, 0x00000000e5e00000, 0x00000000e5f00000|  0%| F|  |TAMS 0x00000000e5e00000, 0x00000000e5e00000| Untracked 
|  95|0x00000000e5f00000, 0x00000000e5f00000, 0x00000000e6000000|  0%| F|  |TAMS 0x00000000e5f00000, 0x00000000e5f00000| Untracked 
|  96|0x00000000e6000000, 0x00000000e6000000, 0x00000000e6100000|  0%| F|  |TAMS 0x00000000e6000000, 0x00000000e6000000| Untracked 
|  97|0x00000000e6100000, 0x00000000e6100000, 0x00000000e6200000|  0%| F|  |TAMS 0x00000000e6100000, 0x00000000e6100000| Untracked 
|  98|0x00000000e6200000, 0x00000000e6200000, 0x00000000e6300000|  0%| F|  |TAMS 0x00000000e6200000, 0x00000000e6200000| Untracked 
|  99|0x00000000e6300000, 0x00000000e6300000, 0x00000000e6400000|  0%| F|  |TAMS 0x00000000e6300000, 0x00000000e6300000| Untracked 
| 100|0x00000000e6400000, 0x00000000e6400000, 0x00000000e6500000|  0%| F|  |TAMS 0x00000000e6400000, 0x00000000e6400000| Untracked 
| 101|0x00000000e6500000, 0x00000000e6500000, 0x00000000e6600000|  0%| F|  |TAMS 0x00000000e6500000, 0x00000000e6500000| Untracked 
| 102|0x00000000e6600000, 0x00000000e6600000, 0x00000000e6700000|  0%| F|  |TAMS 0x00000000e6600000, 0x00000000e6600000| Untracked 
| 103|0x00000000e6700000, 0x00000000e6700000, 0x00000000e6800000|  0%| F|  |TAMS 0x00000000e6700000, 0x00000000e6700000| Untracked 
| 104|0x00000000e6800000, 0x00000000e6800000, 0x00000000e6900000|  0%| F|  |TAMS 0x00000000e6800000, 0x00000000e6800000| Untracked 
| 105|0x00000000e6900000, 0x00000000e6900000, 0x00000000e6a00000|  0%| F|  |TAMS 0x00000000e6900000, 0x00000000e6900000| Untracked 
| 106|0x00000000e6a00000, 0x00000000e6a00000, 0x00000000e6b00000|  0%| F|  |TAMS 0x00000000e6a00000, 0x00000000e6a00000| Untracked 
| 107|0x00000000e6b00000, 0x00000000e6b00000, 0x00000000e6c00000|  0%| F|  |TAMS 0x00000000e6b00000, 0x00000000e6b00000| Untracked 
| 108|0x00000000e6c00000, 0x00000000e6c00000, 0x00000000e6d00000|  0%| F|  |TAMS 0x00000000e6c00000, 0x00000000e6c00000| Untracked 
| 109|0x00000000e6d00000, 0x00000000e6d00000, 0x00000000e6e00000|  0%| F|  |TAMS 0x00000000e6d00000, 0x00000000e6d00000| Untracked 
| 110|0x00000000e6e00000, 0x00000000e6e00000, 0x00000000e6f00000|  0%| F|  |TAMS 0x00000000e6e00000, 0x00000000e6e00000| Untracked 
| 111|0x00000000e6f00000, 0x00000000e6f00000, 0x00000000e7000000|  0%| F|  |TAMS 0x00000000e6f00000, 0x00000000e6f00000| Untracked 
| 112|0x00000000e7000000, 0x00000000e7000000, 0x00000000e7100000|  0%| F|  |TAMS 0x00000000e7000000, 0x00000000e7000000| Untracked 
| 113|0x00000000e7100000, 0x00000000e7100000, 0x00000000e7200000|  0%| F|  |TAMS 0x00000000e7100000, 0x00000000e7100000| Untracked 
| 114|0x00000000e7200000, 0x00000000e7200000, 0x00000000e7300000|  0%| F|  |TAMS 0x00000000e7200000, 0x00000000e7200000| Untracked 
| 115|0x00000000e7300000, 0x00000000e7300000, 0x00000000e7400000|  0%| F|  |TAMS 0x00000000e7300000, 0x00000000e7300000| Untracked 
| 116|0x00000000e7400000, 0x00000000e7400000, 0x00000000e7500000|  0%| F|  |TAMS 0x00000000e7400000, 0x00000000e7400000| Untracked 
| 117|0x00000000e7500000, 0x00000000e7500000, 0x00000000e7600000|  0%| F|  |TAMS 0x00000000e7500000, 0x00000000e7500000| Untracked 
| 118|0x00000000e7600000, 0x00000000e7600000, 0x00000000e7700000|  0%| F|  |TAMS 0x00000000e7600000, 0x00000000e7600000| Untracked 
| 119|0x00000000e7700000, 0x00000000e7700000, 0x00000000e7800000|  0%| F|  |TAMS 0x00000000e7700000, 0x00000000e7700000| Untracked 
| 120|0x00000000e7800000, 0x00000000e7800000, 0x00000000e7900000|  0%| F|  |TAMS 0x00000000e7800000, 0x00000000e7800000| Untracked 
| 121|0x00000000e7900000, 0x00000000e7900000, 0x00000000e7a00000|  0%| F|  |TAMS 0x00000000e7900000, 0x00000000e7900000| Untracked 
| 122|0x00000000e7a00000, 0x00000000e7a00000, 0x00000000e7b00000|  0%| F|  |TAMS 0x00000000e7a00000, 0x00000000e7a00000| Untracked 
| 123|0x00000000e7b00000, 0x00000000e7b00000, 0x00000000e7c00000|  0%| F|  |TAMS 0x00000000e7b00000, 0x00000000e7b00000| Untracked 
| 124|0x00000000e7c00000, 0x00000000e7c00000, 0x00000000e7d00000|  0%| F|  |TAMS 0x00000000e7c00000, 0x00000000e7c00000| Untracked 
| 125|0x00000000e7d00000, 0x00000000e7d00000, 0x00000000e7e00000|  0%| F|  |TAMS 0x00000000e7d00000, 0x00000000e7d00000| Untracked 
| 126|0x00000000e7e00000, 0x00000000e7e00000, 0x00000000e7f00000|  0%| F|  |TAMS 0x00000000e7e00000, 0x00000000e7e00000| Untracked 
| 127|0x00000000e7f00000, 0x00000000e7f00000, 0x00000000e8000000|  0%| F|  |TAMS 0x00000000e7f00000, 0x00000000e7f00000| Untracked 
| 128|0x00000000e8000000, 0x00000000e8000000, 0x00000000e8100000|  0%| F|  |TAMS 0x00000000e8000000, 0x00000000e8000000| Untracked 
| 129|0x00000000e8100000, 0x00000000e8100000, 0x00000000e8200000|  0%| F|  |TAMS 0x00000000e8100000, 0x00000000e8100000| Untracked 
| 130|0x00000000e8200000, 0x00000000e8200000, 0x00000000e8300000|  0%| F|  |TAMS 0x00000000e8200000, 0x00000000e8200000| Untracked 
| 131|0x00000000e8300000, 0x00000000e8300000, 0x00000000e8400000|  0%| F|  |TAMS 0x00000000e8300000, 0x00000000e8300000| Untracked 
| 132|0x00000000e8400000, 0x00000000e8400000, 0x00000000e8500000|  0%| F|  |TAMS 0x00000000e8400000, 0x00000000e8400000| Untracked 
| 133|0x00000000e8500000, 0x00000000e8500000, 0x00000000e8600000|  0%| F|  |TAMS 0x00000000e8500000, 0x00000000e8500000| Untracked 
| 134|0x00000000e8600000, 0x00000000e8600000, 0x00000000e8700000|  0%| F|  |TAMS 0x00000000e8600000, 0x00000000e8600000| Untracked 
| 135|0x00000000e8700000, 0x00000000e8700000, 0x00000000e8800000|  0%| F|  |TAMS 0x00000000e8700000, 0x00000000e8700000| Untracked 
| 136|0x00000000e8800000, 0x00000000e8800000, 0x00000000e8900000|  0%| F|  |TAMS 0x00000000e8800000, 0x00000000e8800000| Untracked 
| 137|0x00000000e8900000, 0x00000000e8900000, 0x00000000e8a00000|  0%| F|  |TAMS 0x00000000e8900000, 0x00000000e8900000| Untracked 
| 138|0x00000000e8a00000, 0x00000000e8a00000, 0x00000000e8b00000|  0%| F|  |TAMS 0x00000000e8a00000, 0x00000000e8a00000| Untracked 
| 139|0x00000000e8b00000, 0x00000000e8b00000, 0x00000000e8c00000|  0%| F|  |TAMS 0x00000000e8b00000, 0x00000000e8b00000| Untracked 
| 140|0x00000000e8c00000, 0x00000000e8c00000, 0x00000000e8d00000|  0%| F|  |TAMS 0x00000000e8c00000, 0x00000000e8c00000| Untracked 
| 141|0x00000000e8d00000, 0x00000000e8d00000, 0x00000000e8e00000|  0%| F|  |TAMS 0x00000000e8d00000, 0x00000000e8d00000| Untracked 
| 142|0x00000000e8e00000, 0x00000000e8e00000, 0x00000000e8f00000|  0%| F|  |TAMS 0x00000000e8e00000, 0x00000000e8e00000| Untracked 
| 143|0x00000000e8f00000, 0x00000000e8f00000, 0x00000000e9000000|  0%| F|  |TAMS 0x00000000e8f00000, 0x00000000e8f00000| Untracked 
| 144|0x00000000e9000000, 0x00000000e9000000, 0x00000000e9100000|  0%| F|  |TAMS 0x00000000e9000000, 0x00000000e9000000| Untracked 
| 145|0x00000000e9100000, 0x00000000e9100000, 0x00000000e9200000|  0%| F|  |TAMS 0x00000000e9100000, 0x00000000e9100000| Untracked 
| 146|0x00000000e9200000, 0x00000000e9200000, 0x00000000e9300000|  0%| F|  |TAMS 0x00000000e9200000, 0x00000000e9200000| Untracked 
| 147|0x00000000e9300000, 0x00000000e9300000, 0x00000000e9400000|  0%| F|  |TAMS 0x00000000e9300000, 0x00000000e9300000| Untracked 
| 148|0x00000000e9400000, 0x00000000e9400000, 0x00000000e9500000|  0%| F|  |TAMS 0x00000000e9400000, 0x00000000e9400000| Untracked 
| 149|0x00000000e9500000, 0x00000000e9500000, 0x00000000e9600000|  0%| F|  |TAMS 0x00000000e9500000, 0x00000000e9500000| Untracked 
| 150|0x00000000e9600000, 0x00000000e9600000, 0x00000000e9700000|  0%| F|  |TAMS 0x00000000e9600000, 0x00000000e9600000| Untracked 
| 151|0x00000000e9700000, 0x00000000e9700000, 0x00000000e9800000|  0%| F|  |TAMS 0x00000000e9700000, 0x00000000e9700000| Untracked 
| 152|0x00000000e9800000, 0x00000000e9800000, 0x00000000e9900000|  0%| F|  |TAMS 0x00000000e9800000, 0x00000000e9800000| Untracked 
| 153|0x00000000e9900000, 0x00000000e9900000, 0x00000000e9a00000|  0%| F|  |TAMS 0x00000000e9900000, 0x00000000e9900000| Untracked 
| 154|0x00000000e9a00000, 0x00000000e9a00000, 0x00000000e9b00000|  0%| F|  |TAMS 0x00000000e9a00000, 0x00000000e9a00000| Untracked 
| 155|0x00000000e9b00000, 0x00000000e9b00000, 0x00000000e9c00000|  0%| F|  |TAMS 0x00000000e9b00000, 0x00000000e9b00000| Untracked 
| 156|0x00000000e9c00000, 0x00000000e9c00000, 0x00000000e9d00000|  0%| F|  |TAMS 0x00000000e9c00000, 0x00000000e9c00000| Untracked 
| 157|0x00000000e9d00000, 0x00000000e9d00000, 0x00000000e9e00000|  0%| F|  |TAMS 0x00000000e9d00000, 0x00000000e9d00000| Untracked 
| 158|0x00000000e9e00000, 0x00000000e9e00000, 0x00000000e9f00000|  0%| F|  |TAMS 0x00000000e9e00000, 0x00000000e9e00000| Untracked 
| 159|0x00000000e9f00000, 0x00000000e9f00000, 0x00000000ea000000|  0%| F|  |TAMS 0x00000000e9f00000, 0x00000000e9f00000| Untracked 
| 160|0x00000000ea000000, 0x00000000ea000000, 0x00000000ea100000|  0%| F|  |TAMS 0x00000000ea000000, 0x00000000ea000000| Untracked 
| 161|0x00000000ea100000, 0x00000000ea100000, 0x00000000ea200000|  0%| F|  |TAMS 0x00000000ea100000, 0x00000000ea100000| Untracked 
| 162|0x00000000ea200000, 0x00000000ea200000, 0x00000000ea300000|  0%| F|  |TAMS 0x00000000ea200000, 0x00000000ea200000| Untracked 
| 163|0x00000000ea300000, 0x00000000ea300000, 0x00000000ea400000|  0%| F|  |TAMS 0x00000000ea300000, 0x00000000ea300000| Untracked 
| 164|0x00000000ea400000, 0x00000000ea400000, 0x00000000ea500000|  0%| F|  |TAMS 0x00000000ea400000, 0x00000000ea400000| Untracked 
| 165|0x00000000ea500000, 0x00000000ea500000, 0x00000000ea600000|  0%| F|  |TAMS 0x00000000ea500000, 0x00000000ea500000| Untracked 
| 166|0x00000000ea600000, 0x00000000ea600000, 0x00000000ea700000|  0%| F|  |TAMS 0x00000000ea600000, 0x00000000ea600000| Untracked 
| 167|0x00000000ea700000, 0x00000000ea700000, 0x00000000ea800000|  0%| F|  |TAMS 0x00000000ea700000, 0x00000000ea700000| Untracked 
| 168|0x00000000ea800000, 0x00000000ea800000, 0x00000000ea900000|  0%| F|  |TAMS 0x00000000ea800000, 0x00000000ea800000| Untracked 
| 169|0x00000000ea900000, 0x00000000ea900000, 0x00000000eaa00000|  0%| F|  |TAMS 0x00000000ea900000, 0x00000000ea900000| Untracked 
| 170|0x00000000eaa00000, 0x00000000eaa00000, 0x00000000eab00000|  0%| F|  |TAMS 0x00000000eaa00000, 0x00000000eaa00000| Untracked 
| 171|0x00000000eab00000, 0x00000000eab00000, 0x00000000eac00000|  0%| F|  |TAMS 0x00000000eab00000, 0x00000000eab00000| Untracked 
| 172|0x00000000eac00000, 0x00000000eac00000, 0x00000000ead00000|  0%| F|  |TAMS 0x00000000eac00000, 0x00000000eac00000| Untracked 
| 173|0x00000000ead00000, 0x00000000ead00000, 0x00000000eae00000|  0%| F|  |TAMS 0x00000000ead00000, 0x00000000ead00000| Untracked 
| 174|0x00000000eae00000, 0x00000000eae00000, 0x00000000eaf00000|  0%| F|  |TAMS 0x00000000eae00000, 0x00000000eae00000| Untracked 
| 175|0x00000000eaf00000, 0x00000000eaf00000, 0x00000000eb000000|  0%| F|  |TAMS 0x00000000eaf00000, 0x00000000eaf00000| Untracked 
| 176|0x00000000eb000000, 0x00000000eb000000, 0x00000000eb100000|  0%| F|  |TAMS 0x00000000eb000000, 0x00000000eb000000| Untracked 
| 177|0x00000000eb100000, 0x00000000eb100000, 0x00000000eb200000|  0%| F|  |TAMS 0x00000000eb100000, 0x00000000eb100000| Untracked 
| 178|0x00000000eb200000, 0x00000000eb200000, 0x00000000eb300000|  0%| F|  |TAMS 0x00000000eb200000, 0x00000000eb200000| Untracked 
| 179|0x00000000eb300000, 0x00000000eb300000, 0x00000000eb400000|  0%| F|  |TAMS 0x00000000eb300000, 0x00000000eb300000| Untracked 
| 180|0x00000000eb400000, 0x00000000eb400000, 0x00000000eb500000|  0%| F|  |TAMS 0x00000000eb400000, 0x00000000eb400000| Untracked 
| 181|0x00000000eb500000, 0x00000000eb500000, 0x00000000eb600000|  0%| F|  |TAMS 0x00000000eb500000, 0x00000000eb500000| Untracked 
| 182|0x00000000eb600000, 0x00000000eb600000, 0x00000000eb700000|  0%| F|  |TAMS 0x00000000eb600000, 0x00000000eb600000| Untracked 
| 183|0x00000000eb700000, 0x00000000eb700000, 0x00000000eb800000|  0%| F|  |TAMS 0x00000000eb700000, 0x00000000eb700000| Untracked 
| 184|0x00000000eb800000, 0x00000000eb800000, 0x00000000eb900000|  0%| F|  |TAMS 0x00000000eb800000, 0x00000000eb800000| Untracked 
| 185|0x00000000eb900000, 0x00000000eb900000, 0x00000000eba00000|  0%| F|  |TAMS 0x00000000eb900000, 0x00000000eb900000| Untracked 
| 186|0x00000000eba00000, 0x00000000eba00000, 0x00000000ebb00000|  0%| F|  |TAMS 0x00000000eba00000, 0x00000000eba00000| Untracked 
| 187|0x00000000ebb00000, 0x00000000ebb00000, 0x00000000ebc00000|  0%| F|  |TAMS 0x00000000ebb00000, 0x00000000ebb00000| Untracked 
| 188|0x00000000ebc00000, 0x00000000ebc00000, 0x00000000ebd00000|  0%| F|  |TAMS 0x00000000ebc00000, 0x00000000ebc00000| Untracked 
| 189|0x00000000ebd00000, 0x00000000ebd00000, 0x00000000ebe00000|  0%| F|  |TAMS 0x00000000ebd00000, 0x00000000ebd00000| Untracked 
| 190|0x00000000ebe00000, 0x00000000ebe00000, 0x00000000ebf00000|  0%| F|  |TAMS 0x00000000ebe00000, 0x00000000ebe00000| Untracked 
| 191|0x00000000ebf00000, 0x00000000ebf00000, 0x00000000ec000000|  0%| F|  |TAMS 0x00000000ebf00000, 0x00000000ebf00000| Untracked 
| 192|0x00000000ec000000, 0x00000000ec000000, 0x00000000ec100000|  0%| F|  |TAMS 0x00000000ec000000, 0x00000000ec000000| Untracked 
| 193|0x00000000ec100000, 0x00000000ec100000, 0x00000000ec200000|  0%| F|  |TAMS 0x00000000ec100000, 0x00000000ec100000| Untracked 
| 194|0x00000000ec200000, 0x00000000ec200000, 0x00000000ec300000|  0%| F|  |TAMS 0x00000000ec200000, 0x00000000ec200000| Untracked 
| 195|0x00000000ec300000, 0x00000000ec400000, 0x00000000ec400000|100%| S|CS|TAMS 0x00000000ec300000, 0x00000000ec300000| Complete 
| 196|0x00000000ec400000, 0x00000000ec500000, 0x00000000ec500000|100%| S|CS|TAMS 0x00000000ec400000, 0x00000000ec400000| Complete 
| 197|0x00000000ec500000, 0x00000000ec600000, 0x00000000ec600000|100%| S|CS|TAMS 0x00000000ec500000, 0x00000000ec500000| Complete 
| 198|0x00000000ec600000, 0x00000000ec700000, 0x00000000ec700000|100%| S|CS|TAMS 0x00000000ec600000, 0x00000000ec600000| Complete 
| 199|0x00000000ec700000, 0x00000000ec800000, 0x00000000ec800000|100%| S|CS|TAMS 0x00000000ec700000, 0x00000000ec700000| Complete 
| 200|0x00000000ec800000, 0x00000000ec900000, 0x00000000ec900000|100%| S|CS|TAMS 0x00000000ec800000, 0x00000000ec800000| Complete 
| 201|0x00000000ec900000, 0x00000000eca00000, 0x00000000eca00000|100%| S|CS|TAMS 0x00000000ec900000, 0x00000000ec900000| Complete 
| 202|0x00000000eca00000, 0x00000000eca00000, 0x00000000ecb00000|  0%| F|  |TAMS 0x00000000eca00000, 0x00000000eca00000| Untracked 
| 203|0x00000000ecb00000, 0x00000000ecb00000, 0x00000000ecc00000|  0%| F|  |TAMS 0x00000000ecb00000, 0x00000000ecb00000| Untracked 
| 204|0x00000000ecc00000, 0x00000000ecc00000, 0x00000000ecd00000|  0%| F|  |TAMS 0x00000000ecc00000, 0x00000000ecc00000| Untracked 
| 205|0x00000000ecd00000, 0x00000000ecd00000, 0x00000000ece00000|  0%| F|  |TAMS 0x00000000ecd00000, 0x00000000ecd00000| Untracked 
| 206|0x00000000ece00000, 0x00000000ece00000, 0x00000000ecf00000|  0%| F|  |TAMS 0x00000000ece00000, 0x00000000ece00000| Untracked 
| 207|0x00000000ecf00000, 0x00000000ecf00000, 0x00000000ed000000|  0%| F|  |TAMS 0x00000000ecf00000, 0x00000000ecf00000| Untracked 
| 208|0x00000000ed000000, 0x00000000ed000000, 0x00000000ed100000|  0%| F|  |TAMS 0x00000000ed000000, 0x00000000ed000000| Untracked 
| 209|0x00000000ed100000, 0x00000000ed100000, 0x00000000ed200000|  0%| F|  |TAMS 0x00000000ed100000, 0x00000000ed100000| Untracked 
| 210|0x00000000ed200000, 0x00000000ed200000, 0x00000000ed300000|  0%| F|  |TAMS 0x00000000ed200000, 0x00000000ed200000| Untracked 
| 211|0x00000000ed300000, 0x00000000ed300000, 0x00000000ed400000|  0%| F|  |TAMS 0x00000000ed300000, 0x00000000ed300000| Untracked 
| 212|0x00000000ed400000, 0x00000000ed400000, 0x00000000ed500000|  0%| F|  |TAMS 0x00000000ed400000, 0x00000000ed400000| Untracked 
| 213|0x00000000ed500000, 0x00000000ed500000, 0x00000000ed600000|  0%| F|  |TAMS 0x00000000ed500000, 0x00000000ed500000| Untracked 
| 214|0x00000000ed600000, 0x00000000ed600000, 0x00000000ed700000|  0%| F|  |TAMS 0x00000000ed600000, 0x00000000ed600000| Untracked 
| 215|0x00000000ed700000, 0x00000000ed700000, 0x00000000ed800000|  0%| F|  |TAMS 0x00000000ed700000, 0x00000000ed700000| Untracked 
| 216|0x00000000ed800000, 0x00000000ed800000, 0x00000000ed900000|  0%| F|  |TAMS 0x00000000ed800000, 0x00000000ed800000| Untracked 
| 217|0x00000000ed900000, 0x00000000ed900000, 0x00000000eda00000|  0%| F|  |TAMS 0x00000000ed900000, 0x00000000ed900000| Untracked 
| 218|0x00000000eda00000, 0x00000000eda00000, 0x00000000edb00000|  0%| F|  |TAMS 0x00000000eda00000, 0x00000000eda00000| Untracked 
| 219|0x00000000edb00000, 0x00000000edb00000, 0x00000000edc00000|  0%| F|  |TAMS 0x00000000edb00000, 0x00000000edb00000| Untracked 
| 220|0x00000000edc00000, 0x00000000edc00000, 0x00000000edd00000|  0%| F|  |TAMS 0x00000000edc00000, 0x00000000edc00000| Untracked 
| 221|0x00000000edd00000, 0x00000000edd00000, 0x00000000ede00000|  0%| F|  |TAMS 0x00000000edd00000, 0x00000000edd00000| Untracked 
| 222|0x00000000ede00000, 0x00000000ede00000, 0x00000000edf00000|  0%| F|  |TAMS 0x00000000ede00000, 0x00000000ede00000| Untracked 
| 223|0x00000000edf00000, 0x00000000edf00000, 0x00000000ee000000|  0%| F|  |TAMS 0x00000000edf00000, 0x00000000edf00000| Untracked 
| 224|0x00000000ee000000, 0x00000000ee000000, 0x00000000ee100000|  0%| F|  |TAMS 0x00000000ee000000, 0x00000000ee000000| Untracked 
| 225|0x00000000ee100000, 0x00000000ee100000, 0x00000000ee200000|  0%| F|  |TAMS 0x00000000ee100000, 0x00000000ee100000| Untracked 
| 226|0x00000000ee200000, 0x00000000ee200000, 0x00000000ee300000|  0%| F|  |TAMS 0x00000000ee200000, 0x00000000ee200000| Untracked 
| 227|0x00000000ee300000, 0x00000000ee300000, 0x00000000ee400000|  0%| F|  |TAMS 0x00000000ee300000, 0x00000000ee300000| Untracked 
| 228|0x00000000ee400000, 0x00000000ee400000, 0x00000000ee500000|  0%| F|  |TAMS 0x00000000ee400000, 0x00000000ee400000| Untracked 
| 229|0x00000000ee500000, 0x00000000ee500000, 0x00000000ee600000|  0%| F|  |TAMS 0x00000000ee500000, 0x00000000ee500000| Untracked 
| 230|0x00000000ee600000, 0x00000000ee600000, 0x00000000ee700000|  0%| F|  |TAMS 0x00000000ee600000, 0x00000000ee600000| Untracked 
| 231|0x00000000ee700000, 0x00000000ee700000, 0x00000000ee800000|  0%| F|  |TAMS 0x00000000ee700000, 0x00000000ee700000| Untracked 
| 232|0x00000000ee800000, 0x00000000ee800000, 0x00000000ee900000|  0%| F|  |TAMS 0x00000000ee800000, 0x00000000ee800000| Untracked 
| 233|0x00000000ee900000, 0x00000000ee900000, 0x00000000eea00000|  0%| F|  |TAMS 0x00000000ee900000, 0x00000000ee900000| Untracked 
| 234|0x00000000eea00000, 0x00000000eea00000, 0x00000000eeb00000|  0%| F|  |TAMS 0x00000000eea00000, 0x00000000eea00000| Untracked 
| 235|0x00000000eeb00000, 0x00000000eeb00000, 0x00000000eec00000|  0%| F|  |TAMS 0x00000000eeb00000, 0x00000000eeb00000| Untracked 
| 236|0x00000000eec00000, 0x00000000eec00000, 0x00000000eed00000|  0%| F|  |TAMS 0x00000000eec00000, 0x00000000eec00000| Untracked 
| 237|0x00000000eed00000, 0x00000000eed00000, 0x00000000eee00000|  0%| F|  |TAMS 0x00000000eed00000, 0x00000000eed00000| Untracked 
| 238|0x00000000eee00000, 0x00000000eee67360, 0x00000000eef00000| 40%| E|  |TAMS 0x00000000eee00000, 0x00000000eee00000| Complete 
| 239|0x00000000eef00000, 0x00000000ef000000, 0x00000000ef000000|100%| E|CS|TAMS 0x00000000eef00000, 0x00000000eef00000| Complete 
| 240|0x00000000ef000000, 0x00000000ef100000, 0x00000000ef100000|100%| E|CS|TAMS 0x00000000ef000000, 0x00000000ef000000| Complete 
| 241|0x00000000ef100000, 0x00000000ef200000, 0x00000000ef200000|100%| E|CS|TAMS 0x00000000ef100000, 0x00000000ef100000| Complete 
| 242|0x00000000ef200000, 0x00000000ef300000, 0x00000000ef300000|100%| E|CS|TAMS 0x00000000ef200000, 0x00000000ef200000| Complete 
| 243|0x00000000ef300000, 0x00000000ef400000, 0x00000000ef400000|100%| E|CS|TAMS 0x00000000ef300000, 0x00000000ef300000| Complete 
| 244|0x00000000ef400000, 0x00000000ef500000, 0x00000000ef500000|100%| E|CS|TAMS 0x00000000ef400000, 0x00000000ef400000| Complete 
| 245|0x00000000ef500000, 0x00000000ef600000, 0x00000000ef600000|100%| E|CS|TAMS 0x00000000ef500000, 0x00000000ef500000| Complete 
| 246|0x00000000ef600000, 0x00000000ef700000, 0x00000000ef700000|100%| E|CS|TAMS 0x00000000ef600000, 0x00000000ef600000| Complete 
| 247|0x00000000ef700000, 0x00000000ef800000, 0x00000000ef800000|100%| E|CS|TAMS 0x00000000ef700000, 0x00000000ef700000| Complete 
| 248|0x00000000ef800000, 0x00000000ef900000, 0x00000000ef900000|100%| E|CS|TAMS 0x00000000ef800000, 0x00000000ef800000| Complete 
| 249|0x00000000ef900000, 0x00000000efa00000, 0x00000000efa00000|100%| E|CS|TAMS 0x00000000ef900000, 0x00000000ef900000| Complete 
| 250|0x00000000efa00000, 0x00000000efb00000, 0x00000000efb00000|100%| E|CS|TAMS 0x00000000efa00000, 0x00000000efa00000| Complete 
| 251|0x00000000efb00000, 0x00000000efc00000, 0x00000000efc00000|100%| E|CS|TAMS 0x00000000efb00000, 0x00000000efb00000| Complete 
| 252|0x00000000efc00000, 0x00000000efd00000, 0x00000000efd00000|100%| E|CS|TAMS 0x00000000efc00000, 0x00000000efc00000| Complete 
| 253|0x00000000efd00000, 0x00000000efe00000, 0x00000000efe00000|100%| E|CS|TAMS 0x00000000efd00000, 0x00000000efd00000| Complete 
| 254|0x00000000efe00000, 0x00000000eff00000, 0x00000000eff00000|100%| E|CS|TAMS 0x00000000efe00000, 0x00000000efe00000| Complete 
| 255|0x00000000eff00000, 0x00000000f0000000, 0x00000000f0000000|100%| E|CS|TAMS 0x00000000eff00000, 0x00000000eff00000| Complete 
| 510|0x00000000ffe00000, 0x00000000ffe52000, 0x00000000fff00000| 32%|OA|  |TAMS 0x00000000ffe00000, 0x00000000ffe00000| Untracked 
| 511|0x00000000fff00000, 0x00000000fff7f000, 0x0000000100000000| 49%|CA|  |TAMS 0x00000000fff00000, 0x00000000fff00000| Untracked 

Card table byte_map: [0x00007f6bc0a0b000,0x00007f6bc0b0b000] _byte_map_base: 0x00007f6bc030b000

Marking Bits (Prev, Next): (CMBitMap*) 0x00007f6bbc051c08, (CMBitMap*) 0x00007f6bbc051c48
 Prev Bits: [0x00007f6bc010b000, 0x00007f6bc090b000)
 Next Bits: [0x00007f6ba3ed3000, 0x00007f6ba46d3000)

Polling page: 0x00007f6bc3ab9000

Metaspace:

Usage:
  Non-class:     12,10 MB capacity,    11,74 MB ( 97%) used,   328,74 KB (  3%) free+waste,    30,88 KB ( <1%) overhead. 
      Class:      2,08 MB capacity,     1,90 MB ( 91%) used,   168,09 KB (  8%) free+waste,    16,75 KB ( <1%) overhead. 
       Both:     14,18 MB capacity,    13,65 MB ( 96%) used,   496,83 KB (  3%) free+waste,    47,62 KB ( <1%) overhead. 

Virtual space:
  Non-class space:       14,00 MB reserved,      12,25 MB ( 88%) committed 
      Class space:      248,00 MB reserved,       2,12 MB ( <1%) committed 
             Both:      262,00 MB reserved,      14,38 MB (  5%) committed 

Chunk freelists:
   Non-Class:  122,00 KB
       Class:  17,00 KB
        Both:  139,00 KB

MaxMetaspaceSize: 256,00 MB
CompressedClassSpaceSize: 248,00 MB

CodeHeap 'non-profiled nmethods': size=120036Kb used=747Kb max_used=747Kb free=119288Kb
 bounds [0x00007f6bac19a000, 0x00007f6bac40a000, 0x00007f6bb36d3000]
CodeHeap 'profiled nmethods': size=120032Kb used=3755Kb max_used=3755Kb free=116276Kb
 bounds [0x00007f6ba4c62000, 0x00007f6ba5012000, 0x00007f6bac19a000]
CodeHeap 'non-nmethods': size=5692Kb used=1263Kb max_used=1277Kb free=4428Kb
 bounds [0x00007f6ba46d3000, 0x00007f6ba4943000, 0x00007f6ba4c62000]
 total_blobs=2175 nmethods=1711 adapters=379
 compilation: enabled
              stopped_count=0, restarted_count=0
 full_count=0

Compilation events (20 events):
Event: 4,472 Thread 0x00007f6bbc171800 nmethod 1676 0x00007f6ba4ff2410 code [0x00007f6ba4ff2660, 0x00007f6ba4ff2f20]
Event: 4,472 Thread 0x00007f6bbc171800 1678       3       jdk.internal.org.objectweb.asm.Type::<init> (26 bytes)
Event: 4,472 Thread 0x00007f6bbc171800 nmethod 1678 0x00007f6ba4ff3310 code [0x00007f6ba4ff34a0, 0x00007f6ba4ff3670]
Event: 4,472 Thread 0x00007f6bbc171800 1677       3       jdk.internal.org.objectweb.asm.Type::getTypeInternal (199 bytes)
Event: 4,474 Thread 0x00007f6bbc171800 nmethod 1677 0x00007f6ba4ff3710 code [0x00007f6ba4ff39a0, 0x00007f6ba4ff47a0]
Event: 4,474 Thread 0x00007f6bbc171800 1679       3       java.util.LinkedList::checkPositionIndex (22 bytes)
Event: 4,475 Thread 0x00007f6bbc171800 nmethod 1679 0x00007f6ba4ff4c10 code [0x00007f6ba4ff4e60, 0x00007f6ba4ff55e0]
Event: 4,475 Thread 0x00007f6bbc171800 1680       3       java.util.LinkedList::isPositionIndex (18 bytes)
Event: 4,475 Thread 0x00007f6bbc171800 nmethod 1680 0x00007f6ba4ff5910 code [0x00007f6ba4ff5aa0, 0x00007f6ba4ff5c50]
Event: 4,490 Thread 0x00007f6bbc171800 1681       3       java.lang.Package::<init> (47 bytes)
Event: 4,491 Thread 0x00007f6bbc171800 nmethod 1681 0x00007f6ba4ff5d10 code [0x00007f6ba4ff5f00, 0x00007f6ba4ff6380]
Event: 4,493 Thread 0x00007f6bbc16f800 1682       4       java.util.ArrayList$Itr::hasNext (20 bytes)
Event: 4,494 Thread 0x00007f6bbc16f800 nmethod 1682 0x00007f6bac253690 code [0x00007f6bac253820, 0x00007f6bac253918]
Event: 4,494 Thread 0x00007f6bbc171800 1683       1       sun.reflect.generics.repository.AbstractRepository::getFactory (5 bytes)
Event: 4,494 Thread 0x00007f6bbc171800 nmethod 1683 0x00007f6bac253990 code [0x00007f6bac253b20, 0x00007f6bac253bf0]
Event: 4,514 Thread 0x00007f6bbc171800 1684   !   3       org.gradle.internal.classloader.TransformingClassLoader::findClass (203 bytes)
Event: 4,519 Thread 0x00007f6bbc171800 nmethod 1684 0x00007f6ba4ff6590 code [0x00007f6ba4ff6b20, 0x00007f6ba4ff98e0]
Event: 4,519 Thread 0x00007f6bbc171800 1685       3       org.gradle.initialization.MixInLegacyTypesClassLoader::shouldTransform (42 bytes)
Event: 4,519 Thread 0x00007f6bbc171800 nmethod 1685 0x00007f6ba4ffac90 code [0x00007f6ba4ffae60, 0x00007f6ba4ffb2b0]
Event: 4,530 Thread 0x00007f6bbc16f800 1686   !   4       java.lang.ClassLoader::loadClass (122 bytes)

GC Heap History (8 events):
Event: 0,826 GC heap before
{Heap before GC invocations=0 (full 0):
 garbage-first heap   total 264192K, used 18244K [0x00000000e0000000, 0x0000000100000000)
  region size 1024K, 12 young (12288K), 0 survivors (0K)
 Metaspace       used 1514K, capacity 5063K, committed 5248K, reserved 262144K
  class space    used 155K, capacity 516K, committed 640K, reserved 253952K
}
Event: 0,836 GC heap after
{Heap after GC invocations=1 (full 0):
 garbage-first heap   total 264192K, used 8060K [0x00000000e0000000, 0x0000000100000000)
  region size 1024K, 2 young (2048K), 2 survivors (2048K)
 Metaspace       used 1514K, capacity 5063K, committed 5248K, reserved 262144K
  class space    used 155K, capacity 516K, committed 640K, reserved 253952K
}
Event: 1,748 GC heap before
{Heap before GC invocations=1 (full 0):
 garbage-first heap   total 264192K, used 18300K [0x00000000e0000000, 0x0000000100000000)
  region size 1024K, 12 young (12288K), 2 survivors (2048K)
 Metaspace       used 3679K, capacity 6573K, committed 6784K, reserved 262144K
  class space    used 478K, capacity 765K, committed 896K, reserved 253952K
}
Event: 1,754 GC heap after
{Heap after GC invocations=2 (full 0):
 garbage-first heap   total 264192K, used 9015K [0x00000000e0000000, 0x0000000100000000)
  region size 1024K, 1 young (1024K), 1 survivors (1024K)
 Metaspace       used 3679K, capacity 6573K, committed 6784K, reserved 262144K
  class space    used 478K, capacity 765K, committed 896K, reserved 253952K
}
Event: 2,006 GC heap before
{Heap before GC invocations=2 (full 0):
 garbage-first heap   total 264192K, used 23351K [0x00000000e0000000, 0x0000000100000000)
  region size 1024K, 16 young (16384K), 1 survivors (1024K)
 Metaspace       used 4126K, capacity 6760K, committed 7040K, reserved 262144K
  class space    used 520K, capacity 805K, committed 896K, reserved 253952K
}
Event: 2,013 GC heap after
{Heap after GC invocations=3 (full 0):
 garbage-first heap   total 264192K, used 10647K [0x00000000e0000000, 0x0000000100000000)
  region size 1024K, 2 young (2048K), 2 survivors (2048K)
 Metaspace       used 4126K, capacity 6760K, committed 7040K, reserved 262144K
  class space    used 520K, capacity 805K, committed 896K, reserved 253952K
}
Event: 4,131 GC heap before
{Heap before GC invocations=3 (full 0):
 garbage-first heap   total 264192K, used 62871K [0x00000000e0000000, 0x0000000100000000)
  region size 1024K, 54 young (55296K), 2 survivors (2048K)
 Metaspace       used 11568K, capacity 11999K, committed 12288K, reserved 266240K
  class space    used 1642K, capacity 1755K, committed 1792K, reserved 253952K
}
Event: 4,148 GC heap after
{Heap after GC invocations=4 (full 0):
 garbage-first heap   total 264192K, used 16390K [0x00000000e0000000, 0x0000000100000000)
  region size 1024K, 7 young (7168K), 7 survivors (7168K)
 Metaspace       used 11568K, capacity 11999K, committed 12288K, reserved 266240K
  class space    used 1642K, capacity 1755K, committed 1792K, reserved 253952K
}

Deoptimization events (20 events):
Event: 4,553 Thread 0x00007f6b84004000 DEOPT PACKING pc=0x00007f6ba4d4dbd4 sp=0x00007f6b6b5e8d20
Event: 4,553 Thread 0x00007f6b84004000 DEOPT UNPACKING pc=0x00007f6ba471c63a sp=0x00007f6b6b5e8278 mode 1
Event: 4,553 Thread 0x00007f6b84004000 DEOPT PACKING pc=0x00007f6ba4d3059c sp=0x00007f6b6b5e8ed0
Event: 4,553 Thread 0x00007f6b84004000 DEOPT UNPACKING pc=0x00007f6ba471c63a sp=0x00007f6b6b5e8488 mode 1
Event: 4,553 Thread 0x00007f6b84004000 DEOPT PACKING pc=0x00007f6ba4d4dbd4 sp=0x00007f6b6b5e8eb0
Event: 4,553 Thread 0x00007f6b84004000 DEOPT UNPACKING pc=0x00007f6ba471c63a sp=0x00007f6b6b5e8408 mode 1
Event: 4,553 Thread 0x00007f6b84004000 DEOPT PACKING pc=0x00007f6ba4d3059c sp=0x00007f6b6b5e9060
Event: 4,553 Thread 0x00007f6b84004000 DEOPT UNPACKING pc=0x00007f6ba471c63a sp=0x00007f6b6b5e8618 mode 1
Event: 4,554 Thread 0x00007f6b84004000 DEOPT PACKING pc=0x00007f6ba4d3f5e9 sp=0x00007f6b6b5e8ce0
Event: 4,554 Thread 0x00007f6b84004000 DEOPT UNPACKING pc=0x00007f6ba471c63a sp=0x00007f6b6b5e81a8 mode 1
Event: 4,554 Thread 0x00007f6b84004000 DEOPT PACKING pc=0x00007f6ba4d3059c sp=0x00007f6b6b5e8d40
Event: 4,554 Thread 0x00007f6b84004000 DEOPT UNPACKING pc=0x00007f6ba471c63a sp=0x00007f6b6b5e82f8 mode 1
Event: 4,554 Thread 0x00007f6b84004000 DEOPT PACKING pc=0x00007f6ba4d4dbd4 sp=0x00007f6b6b5e8d20
Event: 4,554 Thread 0x00007f6b84004000 DEOPT UNPACKING pc=0x00007f6ba471c63a sp=0x00007f6b6b5e8278 mode 1
Event: 4,554 Thread 0x00007f6b84004000 DEOPT PACKING pc=0x00007f6ba4d3059c sp=0x00007f6b6b5e8ed0
Event: 4,554 Thread 0x00007f6b84004000 DEOPT UNPACKING pc=0x00007f6ba471c63a sp=0x00007f6b6b5e8488 mode 1
Event: 4,555 Thread 0x00007f6b84004000 DEOPT PACKING pc=0x00007f6ba4d4dbd4 sp=0x00007f6b6b5e8eb0
Event: 4,555 Thread 0x00007f6b84004000 DEOPT UNPACKING pc=0x00007f6ba471c63a sp=0x00007f6b6b5e8408 mode 1
Event: 4,555 Thread 0x00007f6b84004000 DEOPT PACKING pc=0x00007f6ba4d3059c sp=0x00007f6b6b5e9060
Event: 4,555 Thread 0x00007f6b84004000 DEOPT UNPACKING pc=0x00007f6ba471c63a sp=0x00007f6b6b5e8618 mode 1

Classes unloaded (0 events):
No events

Classes redefined (0 events):
No events

Internal exceptions (20 events):
Event: 3,279 Thread 0x00007f6b84009000 Exception <a 'java/lang/NoSuchMethodError'{0x00000000edf24e68}: static Lorg/gradle/tooling/internal/provider/BuildModelAction;.<clinit>()V> (0x00000000edf24e68) 
thrown [open/src/hotspot/share/prims/jni.cpp, line 1348]
Event: 3,283 Thread 0x00007f6b84009000 Exception <a 'java/lang/NoSuchMethodError'{0x00000000edf340a8}: static Lorg/gradle/internal/build/event/BuildEventSubscriptions;.<clinit>()V> (0x00000000edf340a8) 
thrown [open/src/hotspot/share/prims/jni.cpp, line 1348]
Event: 3,302 Thread 0x00007f6b84009000 Exception <a 'java/lang/NoSuchMethodError'{0x00000000edf6b208}: static Ljava/lang/Object;.<clinit>()V> (0x00000000edf6b208) 
thrown [open/src/hotspot/share/prims/jni.cpp, line 1348]
Event: 3,312 Thread 0x00007f6b84009000 Exception <a 'java/lang/NoSuchMethodError'{0x00000000edf85118}: static Lorg/gradle/api/internal/StartParameterInternal;.<clinit>()V> (0x00000000edf85118) 
thrown [open/src/hotspot/share/prims/jni.cpp, line 1348]
Event: 3,330 Thread 0x00007f6b84009000 Exception <a 'java/lang/NoSuchMethodError'{0x00000000edfbe368}: static Lorg/gradle/internal/logging/DefaultLoggingConfiguration;.<clinit>()V> (0x00000000edfbe368) 
thrown [open/src/hotspot/share/prims/jni.cpp, line 1348]
Event: 3,341 Thread 0x00007f6b84009000 Exception <a 'java/lang/NoSuchMethodError'{0x00000000edfcb5a8}: static Ljava/lang/Object;.<clinit>()V> (0x00000000edfcb5a8) 
thrown [open/src/hotspot/share/prims/jni.cpp, line 1348]
Event: 3,356 Thread 0x00007f6b84009000 Exception <a 'java/lang/NoSuchMethodError'{0x00000000edfef050}: static Lorg/gradle/internal/DefaultTaskExecutionRequest;.<clinit>()V> (0x00000000edfef050) 
thrown [open/src/hotspot/share/prims/jni.cpp, line 1348]
Event: 3,361 Thread 0x00007f6b84009000 Exception <a 'java/lang/NoSuchMethodError'{0x00000000edffa638}: static Lorg/gradle/internal/deprecation/LoggingDeprecatable;.<clinit>()V> (0x00000000edffa638) 
thrown [open/src/hotspot/share/prims/jni.cpp, line 1348]
Event: 3,485 Thread 0x00007f6b84004000 Exception <a 'java/lang/NoSuchMethodError'{0x00000000edb31638}: 'void java.lang.invoke.DirectMethodHandle$Holder.invokeVirtual(java.lang.Object, java.lang.Object, java.lang.Object, java.lang.Object)'> (0x00000000edb31638) 
thrown [open/src/hotspot/share/interpreter/linkResolver.cpp, line 766]
Event: 3,487 Thread 0x00007f6b84004000 Exception <a 'java/lang/NoSuchMethodError'{0x00000000edb3a3d0}: 'void java.lang.invoke.DirectMethodHandle$Holder.invokeSpecial(java.lang.Object, java.lang.Object, java.lang.Object, java.lang.Object, java.lang.Object)'> (0x00000000edb3a3d0) 
thrown [open/src/hotspot/share/interpreter/linkResolver.cpp, line 766]
Event: 3,488 Thread 0x00007f6b84004000 Exception <a 'java/lang/NoSuchMethodError'{0x00000000edb3d820}: 'void java.lang.invoke.DelegatingMethodHandle$Holder.reinvoke_L(java.lang.Object, java.lang.Object, java.lang.Object, java.lang.Object)'> (0x00000000edb3d820) 
thrown [open/src/hotspot/share/interpreter/linkResolver.cpp, line 766]
Event: 3,489 Thread 0x00007f6b84004000 Exception <a 'java/lang/NoSuchMethodError'{0x00000000edb42c38}: 'java.lang.Object java.lang.invoke.Invokers$Holder.invoker(java.lang.Object, java.lang.Object, java.lang.Object, java.lang.Object)'> (0x00000000edb42c38) 
thrown [open/src/hotspot/share/interpreter/linkResolver.cpp, line 766]
Event: 3,506 Thread 0x00007f6b84004000 Exception <a 'java/lang/NoSuchMethodError'{0x00000000edb76fd0}: 'long java.lang.invoke.DirectMethodHandle$Holder.invokeInterface(java.lang.Object, java.lang.Object)'> (0x00000000edb76fd0) 
thrown [open/src/hotspot/share/interpreter/linkResolver.cpp, line 766]
Event: 3,512 Thread 0x00007f6b84004000 Exception <a 'java/lang/NoSuchMethodError'{0x00000000edb95320}: 'void java.lang.invoke.DelegatingMethodHandle$Holder.reinvoke_L(java.lang.Object, java.lang.Object, java.lang.Object, java.lang.Object, java.lang.Object, java.lang.Object, java.lang.Object)'> (0x00000000edb95320) 
thrown [open/src/hotspot/share/interpreter/linkResolver.cpp, line 766]
Event: 3,741 Thread 0x00007f6b84004000 Exception <a 'java/lang/NoSuchMethodError'{0x00000000ed344708}: 'java.lang.Object java.lang.invoke.DirectMethodHandle$Holder.invokeVirtual(java.lang.Object, java.lang.Object, java.lang.Object)'> (0x00000000ed344708) 
thrown [open/src/hotspot/share/interpreter/linkResolver.cpp, line 766]
Event: 4,016 Thread 0x00007f6b84004000 Exception <a 'java/lang/NoSuchMethodError'{0x00000000ecde3530}: 'void java.lang.invoke.DirectMethodHandle$Holder.invokeStaticInit(java.lang.Object)'> (0x00000000ecde3530) 
thrown [open/src/hotspot/share/interpreter/linkResolver.cpp, line 766]
Event: 4,325 Thread 0x00007f6b84004000 Exception <a 'java/lang/NoSuchMethodError'{0x00000000efb252c0}: 'int java.lang.invoke.DirectMethodHandle$Holder.invokeSpecialIFC(java.lang.Object, java.lang.Object, java.lang.Object, java.lang.Object)'> (0x00000000efb252c0) 
thrown [open/src/hotspot/share/interpreter/linkResolver.cpp, line 766]
Event: 4,329 Thread 0x00007f6b84004000 Exception <a 'java/lang/NoSuchMethodError'{0x00000000efb32468}: 'java.lang.Object java.lang.invoke.DirectMethodHandle$Holder.invokeInterface(java.lang.Object, java.lang.Object, java.lang.Object)'> (0x00000000efb32468) 
thrown [open/src/hotspot/share/interpreter/linkResolver.cpp, line 766]
Event: 4,330 Thread 0x00007f6b84004000 Exception <a 'java/lang/IncompatibleClassChangeError'{0x00000000efb35370}: Found class java.lang.Object, but interface was expected> (0x00000000efb35370) 
thrown [open/src/hotspot/share/interpreter/linkResolver.cpp, line 832]
Event: 4,350 Thread 0x00007f6b84004000 Exception <a 'java/lang/NoSuchMethodError'{0x00000000efbd6490}: 'void java.lang.invoke.DirectMethodHandle$Holder.invokeSpecial(java.lang.Object, java.lang.Object, java.lang.Object, java.lang.Object)'> (0x00000000efbd6490) 
thrown [open/src/hotspot/share/interpreter/linkResolver.cpp, line 766]

Events (20 events):
Event: 4,303 Executing VM operation: HandshakeAllThreads
Event: 4,303 Executing VM operation: HandshakeAllThreads done
Event: 4,307 loading class java/nio/file/NoSuchFileException
Event: 4,307 loading class java/nio/file/FileSystemException
Event: 4,307 loading class java/nio/file/FileSystemException done
Event: 4,307 loading class java/nio/file/NoSuchFileException done
Event: 4,314 loading class java/util/concurrent/locks/ReadWriteLock
Event: 4,314 loading class java/util/concurrent/locks/ReadWriteLock done
Event: 4,321 loading class java/nio/file/FileVisitor
Event: 4,321 loading class java/nio/file/FileVisitor done
Event: 4,322 loading class java/nio/file/FileVisitOption
Event: 4,322 loading class java/nio/file/FileVisitOption done
Event: 4,326 Executing VM operation: HandshakeOneThread
Event: 4,326 Executing VM operation: HandshakeOneThread done
Event: 4,330 loading class java/util/stream/ReduceOps$1
Event: 4,331 loading class java/util/stream/ReduceOps$1 done
Event: 4,331 loading class java/util/stream/ReduceOps$1ReducingSink
Event: 4,331 loading class java/util/stream/ReduceOps$1ReducingSink done
Event: 4,361 loading class java/util/regex/Pattern$Dollar
Event: 4,361 loading class java/util/regex/Pattern$Dollar done


Dynamic libraries:
e0000000-f0000000 rw-p 00000000 00:00 0 
f0000000-ffe00000 ---p 00000000 00:00 0 
ffe00000-ffe52000 rw-p 00bbc000 08:05 10488479                           /usr/lib/jvm/jdk-14.0.2/lib/server/classes.jsa
ffe52000-fff00000 rw-p 00000000 00:00 0 
fff00000-fff7f000 rw-p 00b3d000 08:05 10488479                           /usr/lib/jvm/jdk-14.0.2/lib/server/classes.jsa
fff7f000-100000000 rw-p 00000000 00:00 0 
800000000-800003000 rwxp 00001000 08:05 10488479                         /usr/lib/jvm/jdk-14.0.2/lib/server/classes.jsa
800003000-800b0f000 rw-p 00004000 08:05 10488479                         /usr/lib/jvm/jdk-14.0.2/lib/server/classes.jsa
800b0f000-800d2f000 rw-p 00000000 00:00 0 
800d2f000-81030f000 ---p 00000000 00:00 0 
55d55c599000-55d55c59a000 r-xp 00000000 08:05 9833766                    /usr/lib/jvm/jdk-14.0.2/bin/java
55d55c59b000-55d55c59c000 r--p 00001000 08:05 9833766                    /usr/lib/jvm/jdk-14.0.2/bin/java
55d55c59c000-55d55c59d000 rw-p 00002000 08:05 9833766                    /usr/lib/jvm/jdk-14.0.2/bin/java
55d55c6b3000-55d55c6f5000 rw-p 00000000 00:00 0                          [heap]
7f6b64000000-7f6b64049000 rw-p 00000000 00:00 0 
7f6b64049000-7f6b68000000 ---p 00000000 00:00 0 
7f6b6a569000-7f6b6a5a9000 rw-p 00000000 00:00 0 
7f6b6a5a9000-7f6b6a769000 ---p 00000000 00:00 0 
7f6b6a769000-7f6b6aae6000 rw-p 00000000 00:00 0 
7f6b6aae6000-7f6b6aaea000 ---p 00000000 00:00 0 
7f6b6aaea000-7f6b6abe7000 rw-p 00000000 00:00 0 
7f6b6abe7000-7f6b6abeb000 ---p 00000000 00:00 0 
7f6b6abeb000-7f6b6ace8000 rw-p 00000000 00:00 0 
7f6b6ace8000-7f6b6aee8000 rw-p 00000000 00:00 0 
7f6b6aee8000-7f6b6aeec000 ---p 00000000 00:00 0 
7f6b6aeec000-7f6b6afe9000 rw-p 00000000 00:00 0 
7f6b6afe9000-7f6b6b1e9000 rw-p 00000000 00:00 0 
7f6b6b1e9000-7f6b6b1ed000 ---p 00000000 00:00 0 
7f6b6b1ed000-7f6b6b2ea000 rw-p 00000000 00:00 0 
7f6b6b2ea000-7f6b6b2ee000 ---p 00000000 00:00 0 
7f6b6b2ee000-7f6b6b3eb000 rw-p 00000000 00:00 0 
7f6b6b3eb000-7f6b6b3ef000 ---p 00000000 00:00 0 
7f6b6b3ef000-7f6b6b4ec000 rw-p 00000000 00:00 0 
7f6b6b4ec000-7f6b6b4f0000 ---p 00000000 00:00 0 
7f6b6b4f0000-7f6b6b5ed000 rw-p 00000000 00:00 0 
7f6b6b5ed000-7f6b6b5f1000 ---p 00000000 00:00 0 
7f6b6b5f1000-7f6b6b6ee000 rw-p 00000000 00:00 0 
7f6b6b6ee000-7f6b6b6f2000 ---p 00000000 00:00 0 
7f6b6b6f2000-7f6b6b7ef000 rw-p 00000000 00:00 0 
7f6b6b7ef000-7f6b6b7f3000 ---p 00000000 00:00 0 
7f6b6b7f3000-7f6b6b8f0000 rw-p 00000000 00:00 0 
7f6b6b8f0000-7f6b6b8f4000 ---p 00000000 00:00 0 
7f6b6b8f4000-7f6b6b9f1000 rw-p 00000000 00:00 0 
7f6b6b9f1000-7f6b6b9f5000 ---p 00000000 00:00 0 
7f6b6b9f5000-7f6b6baf2000 rw-p 00000000 00:00 0 
7f6b6baf2000-7f6b6baf6000 ---p 00000000 00:00 0 
7f6b6baf6000-7f6b6bbf3000 rw-p 00000000 00:00 0 
7f6b6bbf3000-7f6b6bbf8000 r-xp 00000000 08:05 11405985                   /home/alumno/.gradle/native/f6784746aeab05261644944871eae4fe03e0ef1612fff0a4a95f87b438bc6780/linux-amd64/libnative-platform.so
7f6b6bbf8000-7f6b6bdf8000 ---p 00005000 08:05 11405985                   /home/alumno/.gradle/native/f6784746aeab05261644944871eae4fe03e0ef1612fff0a4a95f87b438bc6780/linux-amd64/libnative-platform.so
7f6b6bdf8000-7f6b6bdf9000 r--p 00005000 08:05 11405985                   /home/alumno/.gradle/native/f6784746aeab05261644944871eae4fe03e0ef1612fff0a4a95f87b438bc6780/linux-amd64/libnative-platform.so
7f6b6bdf9000-7f6b6bdfa000 rw-p 00006000 08:05 11405985                   /home/alumno/.gradle/native/f6784746aeab05261644944871eae4fe03e0ef1612fff0a4a95f87b438bc6780/linux-amd64/libnative-platform.so
7f6b6bdfc000-7f6b6bdfd000 ---p 00000000 00:00 0 
7f6b6bdfd000-7f6b6befe000 rw-p 00000000 00:00 0 
7f6b6befe000-7f6b6beff000 ---p 00000000 00:00 0 
7f6b6beff000-7f6b6c000000 rw-p 00000000 00:00 0 
7f6b6c000000-7f6b6c32c000 rw-p 00000000 00:00 0 
7f6b6c32c000-7f6b70000000 ---p 00000000 00:00 0 
7f6b70000000-7f6b70021000 rw-p 00000000 00:00 0 
7f6b70021000-7f6b74000000 ---p 00000000 00:00 0 
7f6b74000000-7f6b74021000 rw-p 00000000 00:00 0 
7f6b74021000-7f6b78000000 ---p 00000000 00:00 0 
7f6b78000000-7f6b7859b000 rw-p 00000000 00:00 0 
7f6b7859b000-7f6b7c000000 ---p 00000000 00:00 0 
7f6b7c000000-7f6b7c05f000 rw-p 00000000 00:00 0 
7f6b7c05f000-7f6b80000000 ---p 00000000 00:00 0 
7f6b80000000-7f6b80021000 rw-p 00000000 00:00 0 
7f6b80021000-7f6b84000000 ---p 00000000 00:00 0 
7f6b84000000-7f6b84021000 rw-p 00000000 00:00 0 
7f6b84021000-7f6b88000000 ---p 00000000 00:00 0 
7f6b88000000-7f6b88021000 rw-p 00000000 00:00 0 
7f6b88021000-7f6b8c000000 ---p 00000000 00:00 0 
7f6b8c000000-7f6b8c021000 rw-p 00000000 00:00 0 
7f6b8c021000-7f6b90000000 ---p 00000000 00:00 0 
7f6b90000000-7f6b9002b000 rw-p 00000000 00:00 0 
7f6b9002b000-7f6b94000000 ---p 00000000 00:00 0 
7f6b94000000-7f6b94021000 rw-p 00000000 00:00 0 
7f6b94021000-7f6b98000000 ---p 00000000 00:00 0 
7f6b98000000-7f6b98321000 rw-p 00000000 00:00 0 
7f6b98321000-7f6b9c000000 ---p 00000000 00:00 0 
7f6b9c000000-7f6b9c021000 rw-p 00000000 00:00 0 
7f6b9c021000-7f6ba0000000 ---p 00000000 00:00 0 
7f6ba0083000-7f6ba0088000 r-xp 00000000 08:05 10488458                   /usr/lib/jvm/jdk-14.0.2/lib/libmanagement_ext.so
7f6ba0088000-7f6ba0089000 r--p 00004000 08:05 10488458                   /usr/lib/jvm/jdk-14.0.2/lib/libmanagement_ext.so
7f6ba0089000-7f6ba008a000 rw-p 00005000 08:05 10488458                   /usr/lib/jvm/jdk-14.0.2/lib/libmanagement_ext.so
7f6ba008b000-7f6ba0098000 r-xp 00000000 08:05 10488468                   /usr/lib/jvm/jdk-14.0.2/lib/libverify.so
7f6ba0098000-7f6ba009a000 r--p 0000c000 08:05 10488468                   /usr/lib/jvm/jdk-14.0.2/lib/libverify.so
7f6ba009a000-7f6ba009b000 rw-p 0000e000 08:05 10488468                   /usr/lib/jvm/jdk-14.0.2/lib/libverify.so
7f6ba00a2000-7f6ba00d3000 rw-p 00000000 00:00 0 
7f6ba00d3000-7f6ba00e8000 r-xp 00000000 08:05 10488460                   /usr/lib/jvm/jdk-14.0.2/lib/libnet.so
7f6ba00e8000-7f6ba00e9000 r--p 00014000 08:05 10488460                   /usr/lib/jvm/jdk-14.0.2/lib/libnet.so
7f6ba00e9000-7f6ba00ea000 rw-p 00015000 08:05 10488460                   /usr/lib/jvm/jdk-14.0.2/lib/libnet.so
7f6ba00eb000-7f6ba00fc000 r-xp 00000000 08:05 10488461                   /usr/lib/jvm/jdk-14.0.2/lib/libnio.so
7f6ba00fc000-7f6ba00fd000 ---p 00011000 08:05 10488461                   /usr/lib/jvm/jdk-14.0.2/lib/libnio.so
7f6ba00fd000-7f6ba00fe000 r--p 00011000 08:05 10488461                   /usr/lib/jvm/jdk-14.0.2/lib/libnio.so
7f6ba00fe000-7f6ba00ff000 rw-p 00012000 08:05 10488461                   /usr/lib/jvm/jdk-14.0.2/lib/libnio.so
7f6ba0101000-7f6ba0105000 ---p 00000000 00:00 0 
7f6ba0105000-7f6ba0202000 rw-p 00000000 00:00 0 
7f6ba0202000-7f6ba0206000 ---p 00000000 00:00 0 
7f6ba0206000-7f6ba0303000 rw-p 00000000 00:00 0 
7f6ba0303000-7f6ba0307000 ---p 00000000 00:00 0 
7f6ba0307000-7f6ba0404000 rw-p 00000000 00:00 0 
7f6ba0404000-7f6ba0408000 ---p 00000000 00:00 0 
7f6ba0408000-7f6ba0505000 rw-p 00000000 00:00 0 
7f6ba0505000-7f6ba0509000 ---p 00000000 00:00 0 
7f6ba0509000-7f6ba0606000 rw-p 00000000 00:00 0 
7f6ba0606000-7f6ba060a000 ---p 00000000 00:00 0 
7f6ba060a000-7f6ba0707000 rw-p 00000000 00:00 0 
7f6ba0707000-7f6ba070b000 ---p 00000000 00:00 0 
7f6ba070b000-7f6ba0808000 rw-p 00000000 00:00 0 
7f6ba0808000-7f6ba080c000 ---p 00000000 00:00 0 
7f6ba080c000-7f6ba0909000 rw-p 00000000 00:00 0 
7f6ba0909000-7f6ba090d000 ---p 00000000 00:00 0 
7f6ba090d000-7f6ba0a0a000 rw-p 00000000 00:00 0 
7f6ba0a0a000-7f6ba0a0e000 ---p 00000000 00:00 0 
7f6ba0a0e000-7f6ba0b0b000 rw-p 00000000 00:00 0 
7f6ba0b0b000-7f6ba0ca6000 r--p 00000000 08:05 138411                     /usr/lib/locale/locale-archive
7f6ba0ca8000-7f6ba0cac000 ---p 00000000 00:00 0 
7f6ba0cac000-7f6ba0da9000 rw-p 00000000 00:00 0 
7f6ba0da9000-7f6ba0dad000 ---p 00000000 00:00 0 
7f6ba0dad000-7f6ba0eaa000 rw-p 00000000 00:00 0 
7f6ba0eaa000-7f6ba0eab000 ---p 00000000 00:00 0 
7f6ba0eab000-7f6ba10c9000 rw-p 00000000 00:00 0 
7f6ba10c9000-7f6ba18c9000 rw-p 00000000 00:00 0 
7f6ba18c9000-7f6ba18ca000 ---p 00000000 00:00 0 
7f6ba18ca000-7f6ba19cb000 rw-p 00000000 00:00 0 
7f6ba19cb000-7f6ba19cc000 ---p 00000000 00:00 0 
7f6ba19cc000-7f6ba1ccf000 rw-p 00000000 00:00 0 
7f6ba1ccf000-7f6ba3ccf000 rw-p 00000000 00:00 0 
7f6ba3ccf000-7f6ba3cd0000 ---p 00000000 00:00 0 
7f6ba3cd0000-7f6ba3dd1000 rw-p 00000000 00:00 0 
7f6ba3dd1000-7f6ba3dd2000 ---p 00000000 00:00 0 
7f6ba3dd2000-7f6ba3ed3000 rw-p 00000000 00:00 0 
7f6ba3ed3000-7f6ba42d3000 rw-p 00000000 00:00 0 
7f6ba42d3000-7f6ba46cb000 ---p 00000000 00:00 0 
7f6ba46cb000-7f6ba46d3000 rw-p 00000000 00:00 0 
7f6ba46d3000-7f6ba4943000 rwxp 00000000 00:00 0 
7f6ba4943000-7f6ba4c62000 ---p 00000000 00:00 0 
7f6ba4c62000-7f6ba5012000 rwxp 00000000 00:00 0 
7f6ba5012000-7f6bac19a000 ---p 00000000 00:00 0 
7f6bac19a000-7f6bac40a000 rwxp 00000000 00:00 0 
7f6bac40a000-7f6bb36d3000 ---p 00000000 00:00 0 
7f6bb36d3000-7f6bbbffe000 r--s 00000000 08:05 10488470                   /usr/lib/jvm/jdk-14.0.2/lib/modules
7f6bbc000000-7f6bbd3a7000 rw-p 00000000 00:00 0 
7f6bbd3a7000-7f6bc0000000 ---p 00000000 00:00 0 
7f6bc0009000-7f6bc000a000 ---p 00000000 00:00 0 
7f6bc000a000-7f6bc010b000 rw-p 00000000 00:00 0 
7f6bc010b000-7f6bc050b000 rw-p 00000000 00:00 0 
7f6bc050b000-7f6bc0903000 ---p 00000000 00:00 0 
7f6bc0903000-7f6bc098b000 rw-p 00000000 00:00 0 
7f6bc098b000-7f6bc0a0a000 ---p 00000000 00:00 0 
7f6bc0a0a000-7f6bc0a8b000 rw-p 00000000 00:00 0 
7f6bc0a8b000-7f6bc0b0a000 ---p 00000000 00:00 0 
7f6bc0b0a000-7f6bc0b8b000 rw-p 00000000 00:00 0 
7f6bc0b8b000-7f6bc0c0a000 ---p 00000000 00:00 0 
7f6bc0c0a000-7f6bc0c0b000 rw-p 00000000 00:00 0 
7f6bc0c0b000-7f6bc0e0d000 rw-p 00000000 00:00 0 
7f6bc0e0d000-7f6bc0e12000 rw-p 00000000 00:00 0 
7f6bc0e12000-7f6bc0ef8000 ---p 00000000 00:00 0 
7f6bc0ef8000-7f6bc0f00000 rw-p 00000000 00:00 0 
7f6bc0f00000-7f6bc0fe3000 ---p 00000000 00:00 0 
7f6bc0fe3000-7f6bc0fed000 r-xp 00000000 08:05 17173008                   /lib/x86_64-linux-gnu/libnss_files-2.24.so
7f6bc0fed000-7f6bc11ed000 ---p 0000a000 08:05 17173008                   /lib/x86_64-linux-gnu/libnss_files-2.24.so
7f6bc11ed000-7f6bc11ee000 r--p 0000a000 08:05 17173008                   /lib/x86_64-linux-gnu/libnss_files-2.24.so
7f6bc11ee000-7f6bc11ef000 rw-p 0000b000 08:05 17173008                   /lib/x86_64-linux-gnu/libnss_files-2.24.so
7f6bc11ef000-7f6bc11f5000 rw-p 00000000 00:00 0 
7f6bc11fb000-7f6bc1206000 r-xp 00000000 08:05 17173018                   /lib/x86_64-linux-gnu/libnss_nis-2.24.so
7f6bc1206000-7f6bc1405000 ---p 0000b000 08:05 17173018                   /lib/x86_64-linux-gnu/libnss_nis-2.24.so
7f6bc1405000-7f6bc1406000 r--p 0000a000 08:05 17173018                   /lib/x86_64-linux-gnu/libnss_nis-2.24.so
7f6bc1406000-7f6bc1407000 rw-p 0000b000 08:05 17173018                   /lib/x86_64-linux-gnu/libnss_nis-2.24.so
7f6bc140b000-7f6bc141f000 r-xp 00000000 08:05 17173002                   /lib/x86_64-linux-gnu/libnsl-2.24.so
7f6bc141f000-7f6bc161f000 ---p 00014000 08:05 17173002                   /lib/x86_64-linux-gnu/libnsl-2.24.so
7f6bc161f000-7f6bc1620000 r--p 00014000 08:05 17173002                   /lib/x86_64-linux-gnu/libnsl-2.24.so
7f6bc1620000-7f6bc1621000 rw-p 00015000 08:05 17173002                   /lib/x86_64-linux-gnu/libnsl-2.24.so
7f6bc1621000-7f6bc1623000 rw-p 00000000 00:00 0 
7f6bc1623000-7f6bc162a000 r-xp 00000000 08:05 17173004                   /lib/x86_64-linux-gnu/libnss_compat-2.24.so
7f6bc162a000-7f6bc1829000 ---p 00007000 08:05 17173004                   /lib/x86_64-linux-gnu/libnss_compat-2.24.so
7f6bc1829000-7f6bc182a000 r--p 00006000 08:05 17173004                   /lib/x86_64-linux-gnu/libnss_compat-2.24.so
7f6bc182a000-7f6bc182b000 rw-p 00007000 08:05 17173004                   /lib/x86_64-linux-gnu/libnss_compat-2.24.so
7f6bc182b000-7f6bc1832000 r-xp 00000000 08:05 17173057                   /lib/x86_64-linux-gnu/librt-2.24.so
7f6bc1832000-7f6bc1a31000 ---p 00007000 08:05 17173057                   /lib/x86_64-linux-gnu/librt-2.24.so
7f6bc1a31000-7f6bc1a32000 r--p 00006000 08:05 17173057                   /lib/x86_64-linux-gnu/librt-2.24.so
7f6bc1a32000-7f6bc1a33000 rw-p 00007000 08:05 17173057                   /lib/x86_64-linux-gnu/librt-2.24.so
7f6bc1a33000-7f6bc1b36000 r-xp 00000000 08:05 17172985                   /lib/x86_64-linux-gnu/libm-2.24.so
7f6bc1b36000-7f6bc1d35000 ---p 00103000 08:05 17172985                   /lib/x86_64-linux-gnu/libm-2.24.so
7f6bc1d35000-7f6bc1d36000 r--p 00102000 08:05 17172985                   /lib/x86_64-linux-gnu/libm-2.24.so
7f6bc1d36000-7f6bc1d37000 rw-p 00103000 08:05 17172985                   /lib/x86_64-linux-gnu/libm-2.24.so
7f6bc1d3b000-7f6bc2d4a000 r-xp 00000000 08:05 10488481                   /usr/lib/jvm/jdk-14.0.2/lib/server/libjvm.so
7f6bc2d4a000-7f6bc2d4b000 ---p 0100f000 08:05 10488481                   /usr/lib/jvm/jdk-14.0.2/lib/server/libjvm.so
7f6bc2d4b000-7f6bc2def000 r--p 0100f000 08:05 10488481                   /usr/lib/jvm/jdk-14.0.2/lib/server/libjvm.so
7f6bc2def000-7f6bc2e27000 rw-p 010b3000 08:05 10488481                   /usr/lib/jvm/jdk-14.0.2/lib/server/libjvm.so
7f6bc2e27000-7f6bc2ea8000 rw-p 00000000 00:00 0 
7f6bc2eab000-7f6bc3040000 r-xp 00000000 08:05 17172932                   /lib/x86_64-linux-gnu/libc-2.24.so
7f6bc3040000-7f6bc3240000 ---p 00195000 08:05 17172932                   /lib/x86_64-linux-gnu/libc-2.24.so
7f6bc3240000-7f6bc3244000 r--p 00195000 08:05 17172932                   /lib/x86_64-linux-gnu/libc-2.24.so
7f6bc3244000-7f6bc3246000 rw-p 00199000 08:05 17172932                   /lib/x86_64-linux-gnu/libc-2.24.so
7f6bc3246000-7f6bc324a000 rw-p 00000000 00:00 0 
7f6bc324b000-7f6bc324e000 r-xp 00000000 08:05 17172949                   /lib/x86_64-linux-gnu/libdl-2.24.so
7f6bc324e000-7f6bc344d000 ---p 00003000 08:05 17172949                   /lib/x86_64-linux-gnu/libdl-2.24.so
7f6bc344d000-7f6bc344e000 r--p 00002000 08:05 17172949                   /lib/x86_64-linux-gnu/libdl-2.24.so
7f6bc344e000-7f6bc344f000 rw-p 00003000 08:05 17172949                   /lib/x86_64-linux-gnu/libdl-2.24.so
7f6bc3453000-7f6bc346b000 r-xp 00000000 08:05 17173051                   /lib/x86_64-linux-gnu/libpthread-2.24.so
7f6bc346b000-7f6bc366a000 ---p 00018000 08:05 17173051                   /lib/x86_64-linux-gnu/libpthread-2.24.so
7f6bc366a000-7f6bc366b000 r--p 00017000 08:05 17173051                   /lib/x86_64-linux-gnu/libpthread-2.24.so
7f6bc366b000-7f6bc366c000 rw-p 00018000 08:05 17173051                   /lib/x86_64-linux-gnu/libpthread-2.24.so
7f6bc366c000-7f6bc3670000 rw-p 00000000 00:00 0 
7f6bc3673000-7f6bc368c000 r-xp 00000000 08:05 17173089                   /lib/x86_64-linux-gnu/libz.so.1.2.8
7f6bc368c000-7f6bc388b000 ---p 00019000 08:05 17173089                   /lib/x86_64-linux-gnu/libz.so.1.2.8
7f6bc388b000-7f6bc388c000 r--p 00018000 08:05 17173089                   /lib/x86_64-linux-gnu/libz.so.1.2.8
7f6bc388c000-7f6bc388d000 rw-p 00019000 08:05 17173089                   /lib/x86_64-linux-gnu/libz.so.1.2.8
7f6bc3893000-7f6bc38b6000 r-xp 00000000 08:05 17172908                   /lib/x86_64-linux-gnu/ld-2.24.so
7f6bc38bb000-7f6bc38bd000 r-xp 00000000 08:05 10488440                   /usr/lib/jvm/jdk-14.0.2/lib/libextnet.so
7f6bc38bd000-7f6bc38be000 r--p 00001000 08:05 10488440                   /usr/lib/jvm/jdk-14.0.2/lib/libextnet.so
7f6bc38be000-7f6bc38bf000 rw-p 00002000 08:05 10488440                   /usr/lib/jvm/jdk-14.0.2/lib/libextnet.so
7f6bc38c3000-7f6bc38c7000 r-xp 00000000 08:05 10488456                   /usr/lib/jvm/jdk-14.0.2/lib/libmanagement.so
7f6bc38c7000-7f6bc38c8000 r--p 00003000 08:05 10488456                   /usr/lib/jvm/jdk-14.0.2/lib/libmanagement.so
7f6bc38c8000-7f6bc38c9000 rw-p 00004000 08:05 10488456                   /usr/lib/jvm/jdk-14.0.2/lib/libmanagement.so
7f6bc38cb000-7f6bc38d0000 r-xp 00000000 08:05 10488439                   /usr/lib/jvm/jdk-14.0.2/lib/libdt_socket.so
7f6bc38d0000-7f6bc38d1000 r--p 00004000 08:05 10488439                   /usr/lib/jvm/jdk-14.0.2/lib/libdt_socket.so
7f6bc38d1000-7f6bc38d2000 rw-p 00005000 08:05 10488439                   /usr/lib/jvm/jdk-14.0.2/lib/libdt_socket.so
7f6bc38d3000-7f6bc38da000 r--s 00000000 08:05 528489                     /usr/lib/x86_64-linux-gnu/gconv/gconv-modules.cache
7f6bc38dd000-7f6bc38f4000 rw-p 00000000 00:00 0 
7f6bc38f4000-7f6bc38fb000 ---p 00000000 00:00 0 
7f6bc38fb000-7f6bc391f000 r-xp 00000000 08:05 10488447                   /usr/lib/jvm/jdk-14.0.2/lib/libjava.so
7f6bc391f000-7f6bc3920000 r--p 00023000 08:05 10488447                   /usr/lib/jvm/jdk-14.0.2/lib/libjava.so
7f6bc3920000-7f6bc3922000 rw-p 00024000 08:05 10488447                   /usr/lib/jvm/jdk-14.0.2/lib/libjava.so
7f6bc3923000-7f6bc395f000 r-xp 00000000 08:05 10488450                   /usr/lib/jvm/jdk-14.0.2/lib/libjdwp.so
7f6bc395f000-7f6bc3960000 r--p 0003b000 08:05 10488450                   /usr/lib/jvm/jdk-14.0.2/lib/libjdwp.so
7f6bc3960000-7f6bc3961000 rw-p 0003c000 08:05 10488450                   /usr/lib/jvm/jdk-14.0.2/lib/libjdwp.so
7f6bc3963000-7f6bc397e000 r-xp 00000000 08:05 10488451                   /usr/lib/jvm/jdk-14.0.2/lib/libjimage.so
7f6bc397e000-7f6bc3980000 r--p 0001a000 08:05 10488451                   /usr/lib/jvm/jdk-14.0.2/lib/libjimage.so
7f6bc3980000-7f6bc3981000 rw-p 0001c000 08:05 10488451                   /usr/lib/jvm/jdk-14.0.2/lib/libjimage.so
7f6bc3982000-7f6bc3986000 ---p 00000000 00:00 0 
7f6bc3986000-7f6bc3a83000 rw-p 00000000 00:00 0 
7f6bc3a83000-7f6bc3a91000 r-xp 00000000 08:05 10488452                   /usr/lib/jvm/jdk-14.0.2/lib/libjli.so
7f6bc3a91000-7f6bc3a92000 ---p 0000e000 08:05 10488452                   /usr/lib/jvm/jdk-14.0.2/lib/libjli.so
7f6bc3a92000-7f6bc3a93000 r--p 0000e000 08:05 10488452                   /usr/lib/jvm/jdk-14.0.2/lib/libjli.so
7f6bc3a93000-7f6bc3a94000 rw-p 0000f000 08:05 10488452                   /usr/lib/jvm/jdk-14.0.2/lib/libjli.so
7f6bc3a9b000-7f6bc3aa2000 r-xp 00000000 08:05 10488469                   /usr/lib/jvm/jdk-14.0.2/lib/libzip.so
7f6bc3aa2000-7f6bc3aa3000 r--p 00006000 08:05 10488469                   /usr/lib/jvm/jdk-14.0.2/lib/libzip.so
7f6bc3aa3000-7f6bc3aa4000 rw-p 00007000 08:05 10488469                   /usr/lib/jvm/jdk-14.0.2/lib/libzip.so
7f6bc3aab000-7f6bc3ab3000 rw-s 00000000 08:05 13634175                   /tmp/hsperfdata_alumno/20192
7f6bc3ab6000-7f6bc3ab7000 r--p 00023000 08:05 17172908                   /lib/x86_64-linux-gnu/ld-2.24.so
7f6bc3ab7000-7f6bc3ab8000 rw-p 00024000 08:05 17172908                   /lib/x86_64-linux-gnu/ld-2.24.so
7f6bc3ab8000-7f6bc3ab9000 rw-p 00000000 00:00 0 
7f6bc3ab9000-7f6bc3aba000 ---p 00000000 00:00 0 
7f6bc3aba000-7f6bc3abb000 r--p 00000000 00:00 0 
7f6bc3abb000-7f6bc3abc000 ---p 00000000 00:00 0 
7f6bc3abc000-7f6bc3ac0000 rw-p 00000000 00:00 0 
7fff4ebbe000-7fff4ebdf000 rw-p 00000000 00:00 0                          [stack]
7fff4ebfb000-7fff4ebfd000 r--p 00000000 00:00 0                          [vvar]
7fff4ebfd000-7fff4ebff000 r-xp 00000000 00:00 0                          [vdso]
ffffffffff600000-ffffffffff601000 r-xp 00000000 00:00 0                  [vsyscall]


VM Arguments:
jvm_args: -XX:MaxMetaspaceSize=256m -XX:+HeapDumpOnOutOfMemoryError -agentlib:jdwp=transport=dt_socket,server=n,suspend=y,address=127.0.0.1:45031 --add-opens=java.base/java.util=ALL-UNNAMED --add-opens=java.base/java.lang=ALL-UNNAMED --add-opens=java.base/java.lang.invoke=ALL-UNNAMED --add-opens=java.prefs/java.util.prefs=ALL-UNNAMED -Xms256m -Xmx512m -Dfile.encoding=UTF-8 -Duser.country=AR -Duser.language=es -Duser.variant 
java_command: org.gradle.launcher.daemon.bootstrap.GradleDaemon 6.5
java_class_path (initial): /home/alumno/.gradle/wrapper/dists/gradle-6.5-all/2oz4ud9k3tuxjg84bbf55q0tn/gradle-6.5/lib/gradle-launcher-6.5.jar
Launcher Type: SUN_STANDARD

[Global flags]
     intx CICompilerCount                          = 2                                         {product} {ergonomic}
   size_t CompressedClassSpaceSize                 = 260046848                                 {product} {ergonomic}
     uint ConcGCThreads                            = 1                                         {product} {ergonomic}
     uint G1ConcRefinementThreads                  = 2                                         {product} {ergonomic}
   size_t G1HeapRegionSize                         = 1048576                                   {product} {ergonomic}
    uintx GCDrainStackTargetSize                   = 64                                        {product} {ergonomic}
     bool HeapDumpOnOutOfMemoryError               = true                                   {manageable} {command line}
   size_t InitialHeapSize                          = 268435456                                 {product} {command line}
   size_t MarkStackSize                            = 4194304                                   {product} {ergonomic}
   size_t MaxHeapSize                              = 536870912                                 {product} {command line}
   size_t MaxMetaspaceSize                         = 268435456                                 {product} {command line}
   size_t MaxNewSize                               = 321912832                                 {product} {ergonomic}
   size_t MinHeapDeltaBytes                        = 1048576                                   {product} {ergonomic}
   size_t MinHeapSize                              = 268435456                                 {product} {command line}
    uintx NonNMethodCodeHeapSize                   = 5826188                                {pd product} {ergonomic}
    uintx NonProfiledCodeHeapSize                  = 122916026                              {pd product} {ergonomic}
    uintx ProfiledCodeHeapSize                     = 122916026                              {pd product} {ergonomic}
    uintx ReservedCodeCacheSize                    = 251658240                              {pd product} {ergonomic}
     bool SegmentedCodeCache                       = true                                      {product} {ergonomic}
   size_t SoftMaxHeapSize                          = 536870912                              {manageable} {ergonomic}
     bool UseCompressedClassPointers               = true                                 {lp64_product} {ergonomic}
     bool UseCompressedOops                        = true                                 {lp64_product} {ergonomic}
     bool UseG1GC                                  = true                                      {product} {ergonomic}

Logging:
Log output configuration:
 #0: stdout all=warning uptime,level,tags
 #1: stderr all=off uptime,level,tags

Environment Variables:
PATH=/usr/local/bin:/usr/bin:/bin:/usr/local/games:/usr/games
SHELL=/bin/bash
DISPLAY=:0

Signal Handlers:
SIGSEGV: [libjvm.so+0xd30e60], sa_mask[0]=11111111011111111101111111111110, sa_flags=SA_RESTART|SA_SIGINFO
SIGBUS: [libjvm.so+0xd30e60], sa_mask[0]=11111111011111111101111111111110, sa_flags=SA_RESTART|SA_SIGINFO
SIGFPE: [libjvm.so+0xd30e60], sa_mask[0]=11111111011111111101111111111110, sa_flags=SA_RESTART|SA_SIGINFO
SIGPIPE: [libjvm.so+0xb1bca0], sa_mask[0]=11111111011111111101111111111110, sa_flags=SA_RESTART|SA_SIGINFO
SIGXFSZ: [libjvm.so+0xb1bca0], sa_mask[0]=11111111011111111101111111111110, sa_flags=SA_RESTART|SA_SIGINFO
SIGILL: [libjvm.so+0xd30e60], sa_mask[0]=11111111011111111101111111111110, sa_flags=SA_RESTART|SA_SIGINFO
SIGUSR2: [libjvm.so+0xb1bb30], sa_mask[0]=00100000000000000000000000000000, sa_flags=SA_RESTART|SA_SIGINFO
SIGHUP: [libjvm.so+0xb1c2a0], sa_mask[0]=11111111011111111101111111111110, sa_flags=SA_RESTART|SA_SIGINFO
SIGINT: [libjvm.so+0xb1c2a0], sa_mask[0]=11111111011111111101111111111110, sa_flags=SA_RESTART|SA_SIGINFO
SIGTERM: [libjvm.so+0xb1c2a0], sa_mask[0]=11111111011111111101111111111110, sa_flags=SA_RESTART|SA_SIGINFO
SIGQUIT: [libjvm.so+0xb1c2a0], sa_mask[0]=11111111011111111101111111111110, sa_flags=SA_RESTART|SA_SIGINFO


---------------  S Y S T E M  ---------------

OS:PRETTY_NAME="Debian GNU/Linux 9 (stretch)"
NAME="Debian GNU/Linux"
VERSION_ID="9"
VERSION="9 (stretch)"
ID=debian
HOME_URL="https://www.debian.org/"
SUPPORT_URL="https://www.debian.org/support"
BUG_REPORT_URL="https://bugs.debian.org/"
uname:Linux 4.9.0-8-amd64 #1 SMP Debian 4.9.144-3.1 (2019-02-19) x86_64
OS uptime: 0 days 9:15 hours
libc:glibc 2.24 NPTL 2.24 
rlimit: STACK 8192k, CORE 0k, NPROC 29568, NOFILE 1048576, AS infinity, DATA infinity, FSIZE infinity
load average:1,15 1,08 1,05

/proc/meminfo:
MemTotal:        7678716 kB
MemFree:          591016 kB
MemAvailable:    1707640 kB
Buffers:           58188 kB
Cached:          1366308 kB
SwapCached:        23172 kB
Active:          5414332 kB
Inactive:        1408472 kB
Active(anon):    4759884 kB
Inactive(anon):   771200 kB
Active(file):     654448 kB
Inactive(file):   637272 kB
Unevictable:          68 kB
Mlocked:              68 kB
SwapTotal:       7811068 kB
SwapFree:        7618464 kB
Dirty:               360 kB
Writeback:             0 kB
AnonPages:       5390348 kB
Mapped:           433084 kB
Shmem:            132704 kB
Slab:             126784 kB
SReclaimable:      90536 kB
SUnreclaim:        36248 kB
KernelStack:       12688 kB
PageTables:        41692 kB
NFS_Unstable:          0 kB
Bounce:                0 kB
WritebackTmp:          0 kB
CommitLimit:    11650424 kB
Committed_AS:    8807084 kB
VmallocTotal:   34359738367 kB
VmallocUsed:           0 kB
VmallocChunk:          0 kB
HardwareCorrupted:     0 kB
AnonHugePages:    182272 kB
ShmemHugePages:        0 kB
ShmemPmdMapped:        0 kB
HugePages_Total:       0
HugePages_Free:        0
HugePages_Rsvd:        0
HugePages_Surp:        0
Hugepagesize:       2048 kB
DirectMap4k:      244352 kB
DirectMap2M:     7569408 kB
DirectMap1G:           0 kB


/proc/sys/kernel/threads-max (system-wide limit on the number of threads):
59136


/proc/sys/vm/max_map_count (maximum number of memory map areas a process may have):
65530


/proc/sys/kernel/pid_max (system-wide limit on number of process identifiers):
32768



container (cgroup) information:
container_type: cgroupv1
cpu_cpuset_cpus: 0-1
cpu_memory_nodes: 0
active_processor_count: 2
cpu_quota: no quota
cpu_period: 100000
cpu_shares: no shares
memory_limit_in_bytes: unlimited
memory_and_swap_limit_in_bytes: not supported
memory_soft_limit_in_bytes: unlimited
memory_usage_in_bytes: 6981931008
memory_max_usage_in_bytes: 472862720

Steal ticks since vm start: 0
Steal ticks percentage since vm start:  0,000

CPU:total 2 (initial active 2) (2 cores per cpu, 1 threads per core) family 21 model 16 stepping 1, cmov, cx8, fxsr, mmx, sse, sse2, sse3, ssse3, sse4.1, sse4.2, popcnt, avx, aes, clmul, mmxext, 3dnowpref, lzcnt, sse4a, tsc, tscinvbit, tscinv, bmi1, fma
CPU Model and flags from /proc/cpuinfo:
model name	: AMD A4-5300B APU with Radeon(tm) HD Graphics
flags		: fpu vme de pse tsc msr pae mce cx8 apic sep mtrr pge mca cmov pat pse36 clflush mmx fxsr sse sse2 ht syscall nx mmxext fxsr_opt pdpe1gb rdtscp lm constant_tsc rep_good nopl nonstop_tsc extd_apicid aperfmperf pni pclmulqdq monitor ssse3 fma cx16 sse4_1 sse4_2 popcnt aes xsave avx f16c lahf_lm cmp_legacy svm extapic cr8_legacy abm sse4a misalignsse 3dnowprefetch osvw ibs xop skinit wdt lwp fma4 tce nodeid_msr tbm topoext perfctr_core perfctr_nb cpb hw_pstate ssbd vmmcall bmi1 arat npt lbrv svm_lock nrip_save tsc_scale vmcb_clean flushbyasid decodeassists pausefilter pfthreshold

Memory: 4k page, physical 7678716k(591016k free), swap 7811068k(7618464k free)

vm_info: OpenJDK 64-Bit Server VM (14.0.2+12-46) for linux-amd64 JRE (14.0.2+12-46), built on Jul  8 2020 23:30:21 by "mach5one" with gcc 8.3.0

END.
